Using pre-set license
Desktop is 1366 x 768 @ 60 Hz

 COMMAND LINE ARGUMENTS:
Unity
-adb2
-batchMode
-noUpm
-name
AssetImportWorker0
-projectPath
/home/rlubuntu/UnityGames/togetherFire
-logFile
Logs/AssetImportWorker0.log
-srvPort
37289
Successfully changed project path to: /home/rlubuntu/UnityGames/togetherFire
/home/rlubuntu/UnityGames/togetherFire
Using Asset Import Pipeline V2.
Refreshing native plugins compatible for Editor in 69.15 ms, found 1 plugins.
Preloading 0 native plugins for Editor in 0.00 ms.
Initialize engine version: 2021.1.4f1 (4cd64a618c1b)
[Subsystems] Discovering subsystems at path /home/mie/Unity/2021.1.4f1/Editor/Data/Resources/UnitySubsystems
[Subsystems] Discovering subsystems at path /home/rlubuntu/UnityGames/togetherFire/Assets
GLX Extensions: GLX_ARB_create_context GLX_ARB_create_context_no_error GLX_ARB_create_context_profile GLX_ARB_create_context_robustness GLX_ARB_fbconfig_float GLX_ARB_framebuffer_sRGB GLX_ARB_get_proc_address GLX_ARB_multisample GLX_EXT_buffer_age GLX_EXT_create_context_es2_profile GLX_EXT_create_context_es_profile GLX_EXT_fbconfig_packed_float GLX_EXT_framebuffer_sRGB GLX_EXT_import_context GLX_EXT_texture_from_pixmap GLX_EXT_visual_info GLX_EXT_visual_rating GLX_INTEL_swap_event GLX_MESA_copy_sub_buffer GLX_MESA_query_renderer GLX_MESA_swap_control GLX_OML_swap_method GLX_OML_sync_control GLX_SGIS_multisample GLX_SGIX_fbconfig GLX_SGIX_pbuffer GLX_SGIX_visual_select_group GLX_SGI_make_current_read GLX_SGI_swap_control GLX_SGI_video_sync 
Renderer: Mesa Intel(R) HD Graphics 620 (KBL GT2)
Vendor:   Intel
Version:  4.6 (Core Profile) Mesa 20.2.6
GLES:     0
 GL_3DFX_texture_compression_FXT1 GL_AMD_conservative_depth GL_AMD_depth_clamp_separate GL_AMD_draw_buffers_blend GL_AMD_gpu_shader_int64 GL_AMD_multi_draw_indirect GL_AMD_performance_monitor GL_AMD_pinned_memory GL_AMD_query_buffer_object GL_AMD_seamless_cubemap_per_texture GL_AMD_shader_stencil_export GL_AMD_shader_trinary_minmax GL_AMD_texture_texture4 GL_AMD_vertex_shader_layer GL_AMD_vertex_shader_viewport_index GL_ANGLE_texture_compression_dxt3 GL_ANGLE_texture_compression_dxt5 GL_ARB_ES2_compatibility GL_ARB_ES3_1_compatibility GL_ARB_ES3_2_compatibility GL_ARB_ES3_compatibility GL_ARB_arrays_of_arrays GL_ARB_base_instance GL_ARB_blend_func_extended GL_ARB_buffer_storage GL_ARB_clear_buffer_object GL_ARB_clear_texture GL_ARB_clip_control GL_ARB_compressed_texture_pixel_storage GL_ARB_compute_shader GL_ARB_compute_variable_group_size GL_ARB_conditional_render_inverted GL_ARB_conservative_depth GL_ARB_copy_buffer GL_ARB_copy_image GL_ARB_cull_distance GL_ARB_debug_output GL_ARB_depth_buffer_float GL_ARB
_depth_clamp GL_ARB_derivative_control GL_ARB_direct_state_access GL_ARB_draw_buffers GL_ARB_draw_buffers_blend GL_ARB_draw_elements_base_vertex GL_ARB_draw_indirect GL_ARB_draw_instanced GL_ARB_enhanced_layouts GL_ARB_explicit_attrib_location GL_ARB_explicit_uniform_location GL_ARB_fragment_coord_conventions GL_ARB_fragment_layer_viewport GL_ARB_fragment_shader GL_ARB_fragment_shader_interlock GL_ARB_framebuffer_no_attachments GL_ARB_framebuffer_object GL_ARB_framebuffer_sRGB GL_ARB_get_program_binary GL_ARB_get_texture_sub_image GL_ARB_gl_spirv GL_ARB_gpu_shader5 GL_ARB_gpu_shader_fp64 GL_ARB_gpu_shader_int64 GL_ARB_half_float_pixel GL_ARB_half_float_vertex GL_ARB_indirect_parameters GL_ARB_instanced_arrays GL_ARB_internalformat_query GL_ARB_internalformat_query2 GL_ARB_invalidate_subdata GL_ARB_map_buffer_alignment GL_ARB_map_buffer_range GL_ARB_multi_bind GL_ARB_multi_draw_indirect GL_ARB_occlusion_query2 GL_ARB_parallel_shader_compile GL_ARB_pipeline_statistics_query GL_ARB_pixel_buffer_object GL_ARB_po
int_sprite GL_ARB_polygon_offset_clamp GL_ARB_post_depth_coverage GL_ARB_program_interface_query GL_ARB_provoking_vertex GL_ARB_query_buffer_object GL_ARB_robust_buffer_access_behavior GL_ARB_robustness GL_ARB_sample_shading GL_ARB_sampler_objects GL_ARB_seamless_cube_map GL_ARB_seamless_cubemap_per_texture GL_ARB_separate_shader_objects GL_ARB_shader_atomic_counter_ops GL_ARB_shader_atomic_counters GL_ARB_shader_ballot GL_ARB_shader_bit_encoding GL_ARB_shader_clock GL_ARB_shader_draw_parameters GL_ARB_shader_group_vote GL_ARB_shader_image_load_store GL_ARB_shader_image_size GL_ARB_shader_objects GL_ARB_shader_precision GL_ARB_shader_stencil_export GL_ARB_shader_storage_buffer_object GL_ARB_shader_subroutine GL_ARB_shader_texture_image_samples GL_ARB_shader_texture_lod GL_ARB_shader_viewport_layer_array GL_ARB_shading_language_420pack GL_ARB_shading_language_include GL_ARB_shading_language_packing GL_ARB_spirv_extensions GL_ARB_stencil_texturing GL_ARB_sync GL_ARB_tessellation_shader GL_ARB_texture_barrier G
L_ARB_texture_buffer_object GL_ARB_texture_buffer_object_rgb32 GL_ARB_texture_buffer_range GL_ARB_texture_compression_bptc GL_ARB_texture_compression_rgtc GL_ARB_texture_cube_map_array GL_ARB_texture_filter_anisotropic GL_ARB_texture_float GL_ARB_texture_gather GL_ARB_texture_mirror_clamp_to_edge GL_ARB_texture_multisample GL_ARB_texture_non_power_of_two GL_ARB_texture_query_levels GL_ARB_texture_query_lod GL_ARB_texture_rectangle GL_ARB_texture_rg GL_ARB_texture_rgb10_a2ui GL_ARB_texture_stencil8 GL_ARB_texture_storage GL_ARB_texture_storage_multisample GL_ARB_texture_swizzle GL_ARB_texture_view GL_ARB_timer_query GL_ARB_transform_feedback2 GL_ARB_transform_feedback3 GL_ARB_transform_feedback_instanced GL_ARB_transform_feedback_overflow_query GL_ARB_uniform_buffer_object GL_ARB_vertex_array_bgra GL_ARB_vertex_array_object GL_ARB_vertex_attrib_64bit GL_ARB_vertex_attrib_binding GL_ARB_vertex_buffer_object GL_ARB_vertex_shader GL_ARB_vertex_type_10f_11f_11f_rev GL_ARB_vertex_type_2_10_10_10_rev GL_ARB_viewpor
t_array GL_ATI_blend_equation_separate GL_ATI_texture_float GL_EXT_EGL_image_storage GL_EXT_EGL_sync GL_EXT_abgr GL_EXT_blend_equation_separate GL_EXT_demote_to_helper_invocation GL_EXT_draw_buffers2 GL_EXT_draw_instanced GL_EXT_framebuffer_blit GL_EXT_framebuffer_multisample GL_EXT_framebuffer_multisample_blit_scaled GL_EXT_framebuffer_object GL_EXT_framebuffer_sRGB GL_EXT_packed_depth_stencil GL_EXT_packed_float GL_EXT_pixel_buffer_object GL_EXT_polygon_offset_clamp GL_EXT_provoking_vertex GL_EXT_shader_framebuffer_fetch GL_EXT_shader_framebuffer_fetch_non_coherent GL_EXT_shader_integer_mix GL_EXT_shader_samples_identical GL_EXT_texture_array GL_EXT_texture_compression_dxt1 GL_EXT_texture_compression_rgtc GL_EXT_texture_compression_s3tc GL_EXT_texture_filter_anisotropic GL_EXT_texture_integer GL_EXT_texture_sRGB GL_EXT_texture_sRGB_R8 GL_EXT_texture_sRGB_decode GL_EXT_texture_shadow_lod GL_EXT_texture_shared_exponent GL_EXT_texture_snorm GL_EXT_texture_swizzle GL_EXT_timer_query GL_EXT_transform_feedback G
L_EXT_vertex_array_bgra GL_EXT_vertex_attrib_64bit GL_IBM_multimode_draw_arrays GL_INTEL_blackhole_render GL_INTEL_conservative_rasterization GL_INTEL_performance_query GL_INTEL_shader_atomic_float_minmax GL_INTEL_shader_integer_functions2 GL_KHR_blend_equation_advanced GL_KHR_blend_equation_advanced_coherent GL_KHR_context_flush_control GL_KHR_debug GL_KHR_no_error GL_KHR_parallel_shader_compile GL_KHR_robust_buffer_access_behavior GL_KHR_robustness GL_KHR_texture_compression_astc_ldr GL_KHR_texture_compression_astc_sliced_3d GL_MESA_framebuffer_flip_y GL_MESA_pack_invert GL_MESA_shader_integer_functions GL_MESA_texture_signed_rgba GL_NV_compute_shader_derivatives GL_NV_conditional_render GL_NV_copy_image GL_NV_depth_clamp GL_NV_fragment_shader_interlock GL_NV_packed_depth_stencil GL_NV_texture_barrier GL_OES_EGL_image GL_S3_s3tc
OPENGL LOG: Creating OpenGL 4.6 graphics device ; Context level  <OpenGL 4.5> ; Context handle -1253158304
Initialize mono
Mono path[0] = '/home/mie/Unity/2021.1.4f1/Editor/Data/Managed'
Mono path[1] = '/home/mie/Unity/2021.1.4f1/Editor/Data/MonoBleedingEdge/lib/mono/unityjit'
Mono config path = '/home/mie/Unity/2021.1.4f1/Editor/Data/MonoBleedingEdge/etc'
Using monoOptions --debugger-agent=transport=dt_socket,embedding=1,server=y,suspend=n,address=127.0.0.1:56260
Begin MonoManager ReloadAssembly
Registering precompiled unity dll's ...
Register platform support module: /home/mie/Unity/2021.1.4f1/Editor/Data/PlaybackEngines/WindowsStandaloneSupport/UnityEditor.WindowsStandalone.Extensions.dll
Register platform support module: /home/mie/Unity/2021.1.4f1/Editor/Data/PlaybackEngines/LinuxStandaloneSupport/UnityEditor.LinuxStandalone.Extensions.dll
Registered in 0.001996 seconds.
Native extension for LinuxStandalone target not found
Native extension for WindowsStandalone target not found
Refreshing native plugins compatible for Editor in 72.76 ms, found 1 plugins.
Preloading 0 native plugins for Editor in 0.00 ms.
Mono: successfully reloaded assembly
- Completed reload, in  1.821 seconds
Platform modules already initialized, skipping
Registering precompiled user dll's ...
Registered in 0.003060 seconds.
Begin MonoManager ReloadAssembly
Native extension for LinuxStandalone target not found
Native extension for WindowsStandalone target not found
Refreshing native plugins compatible for Editor in 71.32 ms, found 1 plugins.
Preloading 0 native plugins for Editor in 0.00 ms.
Mono: successfully reloaded assembly
- Completed reload, in  2.847 seconds
Platform modules already initialized, skipping
========================================================================
Worker process is ready to serve import requests
Launched and connected shader compiler UnityShaderCompiler after 0.02 seconds
Refreshing native plugins compatible for Editor in 0.66 ms, found 1 plugins.
Preloading 0 native plugins for Editor in 0.00 ms.
Unloading 2185 Unused Serialized files (Serialized files now loaded: 0)
System memory in use before: 100.5 MB.
System memory in use after: 100.6 MB.

Unloading 24 unused Assets to reduce memory usage. Loaded Objects now: 2650.
Total: 5.775435 ms (FindLiveObjects: 0.320843 ms CreateObjectMapping: 0.206199 ms MarkObjects: 5.150300 ms  DeleteObjects: 0.096068 ms)

========================================================================
Received Import Request.
  path: Assets/Prefabs/Temp/tmov.prefab
  artifactKey: Guid(81926c9aa17cd4bb9b74377992766ca6) Importer(815301076,1909f56bfc062723c751e8b465ee728b)
Start importing Assets/Prefabs/Temp/tmov.prefab using Guid(81926c9aa17cd4bb9b74377992766ca6) Importer(815301076,1909f56bfc062723c751e8b465ee728b)  -> (artifact id: 'b84104d77fabc382a8a21647a49bc081') in 0.115122 seconds 
========================================================================
Received Import Request.
  Time since last request: 0.000257 seconds.
  path: Assets/Prefabs/Temp/gold (1).prefab
  artifactKey: Guid(55110e3971aa012d3bcc3adb840974c3) Importer(815301076,1909f56bfc062723c751e8b465ee728b)
Start importing Assets/Prefabs/Temp/gold (1).prefab using Guid(55110e3971aa012d3bcc3adb840974c3) Importer(815301076,1909f56bfc062723c751e8b465ee728b)  -> (artifact id: '2d47c0b2d7eabb5e565c97fc9d445f97') in 0.175449 seconds 
========================================================================
Received Import Request.
  Time since last request: 0.000234 seconds.
  path: Assets/Prefabs/Temp/bullet.prefab
  artifactKey: Guid(4937b8e4efdaa4594b4bb8659690e910) Importer(815301076,1909f56bfc062723c751e8b465ee728b)
Start importing Assets/Prefabs/Temp/bullet.prefab using Guid(4937b8e4efdaa4594b4bb8659690e910) Importer(815301076,1909f56bfc062723c751e8b465ee728b)  -> (artifact id: '408bbba5b21e5245c64e84cb5a5456a0') in 0.012866 seconds 
========================================================================
Received Import Request.
  Time since last request: 0.000415 seconds.
  path: Assets/Prefabs/Temp/tfire.prefab
  artifactKey: Guid(6d5d323ccd60222e88d62af9e1563c81) Importer(815301076,1909f56bfc062723c751e8b465ee728b)
Start importing Assets/Prefabs/Temp/tfire.prefab using Guid(6d5d323ccd60222e88d62af9e1563c81) Importer(815301076,1909f56bfc062723c751e8b465ee728b)  -> (artifact id: 'e41b79ca9a51d1124e4c637ab5f49626') in 0.036422 seconds 
========================================================================
Received Prepare
Registering precompiled user dll's ...
Registered in 0.004342 seconds.
Begin MonoManager ReloadAssembly
Native extension for LinuxStandalone target not found
Native extension for WindowsStandalone target not found
Refreshing native plugins compatible for Editor in 0.88 ms, found 1 plugins.
Preloading 0 native plugins for Editor in 0.00 ms.
Mono: successfully reloaded assembly
- Completed reload, in  1.980 seconds
Platform modules already initialized, skipping
Refreshing native plugins compatible for Editor in 1.13 ms, found 1 plugins.
Preloading 0 native plugins for Editor in 0.00 ms.
Unloading 2161 Unused Serialized files (Serialized files now loaded: 0)
System memory in use before: 100.1 MB.
System memory in use after: 100.3 MB.

Unloading 14 unused Assets to reduce memory usage. Loaded Objects now: 2662.
Total: 7.126976 ms (FindLiveObjects: 0.262700 ms CreateObjectMapping: 0.121208 ms MarkObjects: 6.709682 ms  DeleteObjects: 0.030444 ms)

========================================================================
Received Prepare
Registering precompiled user dll's ...
Registered in 0.003040 seconds.
Begin MonoManager ReloadAssembly
Native extension for LinuxStandalone target not found
Native extension for WindowsStandalone target not found
Refreshing native plugins compatible for Editor in 0.52 ms, found 1 plugins.
Preloading 0 native plugins for Editor in 0.00 ms.
Mono: successfully reloaded assembly
- Completed reload, in  1.704 seconds
Platform modules already initialized, skipping
Refreshing native plugins compatible for Editor in 0.56 ms, found 1 plugins.
Preloading 0 native plugins for Editor in 0.00 ms.
Unloading 2161 Unused Serialized files (Serialized files now loaded: 0)
System memory in use before: 100.2 MB.
System memory in use after: 100.3 MB.

Unloading 14 unused Assets to reduce memory usage. Loaded Objects now: 2667.
Total: 4.774402 ms (FindLiveObjects: 0.245282 ms CreateObjectMapping: 0.140744 ms MarkObjects: 4.362252 ms  DeleteObjects: 0.024424 ms)

========================================================================
Received Prepare
Registering precompiled user dll's ...
Registered in 0.003342 seconds.
Begin MonoManager ReloadAssembly
Native extension for LinuxStandalone target not found
Native extension for WindowsStandalone target not found
Refreshing native plugins compatible for Editor in 0.67 ms, found 1 plugins.
Preloading 0 native plugins for Editor in 0.00 ms.
Mono: successfully reloaded assembly
- Completed reload, in  2.078 seconds
Platform modules already initialized, skipping
Refreshing native plugins compatible for Editor in 0.70 ms, found 1 plugins.
Preloading 0 native plugins for Editor in 0.00 ms.
Unloading 2161 Unused Serialized files (Serialized files now loaded: 0)
System memory in use before: 100.2 MB.
System memory in use after: 100.3 MB.

Unloading 14 unused Assets to reduce memory usage. Loaded Objects now: 2672.
Total: 6.813589 ms (FindLiveObjects: 0.810578 ms CreateObjectMapping: 0.426016 ms MarkObjects: 5.545630 ms  DeleteObjects: 0.026835 ms)

========================================================================
Received Prepare
Registering precompiled user dll's ...
Registered in 0.002968 seconds.
Begin MonoManager ReloadAssembly
Native extension for LinuxStandalone target not found
Native extension for WindowsStandalone target not found
Refreshing native plugins compatible for Editor in 0.53 ms, found 1 plugins.
Preloading 0 native plugins for Editor in 0.00 ms.
Mono: successfully reloaded assembly
- Completed reload, in  1.789 seconds
Platform modules already initialized, skipping
Refreshing native plugins compatible for Editor in 0.53 ms, found 1 plugins.
Preloading 0 native plugins for Editor in 0.00 ms.
Unloading 2161 Unused Serialized files (Serialized files now loaded: 0)
System memory in use before: 100.2 MB.
System memory in use after: 100.3 MB.

Unloading 14 unused Assets to reduce memory usage. Loaded Objects now: 2677.
Total: 5.650570 ms (FindLiveObjects: 0.386464 ms CreateObjectMapping: 0.255982 ms MarkObjects: 4.981201 ms  DeleteObjects: 0.024532 ms)

========================================================================
Received Prepare
Registering precompiled user dll's ...
Registered in 0.003415 seconds.
Begin MonoManager ReloadAssembly
Native extension for LinuxStandalone target not found
Native extension for WindowsStandalone target not found
Refreshing native plugins compatible for Editor in 0.84 ms, found 1 plugins.
Preloading 0 native plugins for Editor in 0.00 ms.
Mono: successfully reloaded assembly
- Completed reload, in  1.899 seconds
Platform modules already initialized, skipping
Refreshing native plugins compatible for Editor in 0.58 ms, found 1 plugins.
Preloading 0 native plugins for Editor in 0.00 ms.
Unloading 2161 Unused Serialized files (Serialized files now loaded: 0)
System memory in use before: 100.2 MB.
System memory in use after: 100.4 MB.

Unloading 14 unused Assets to reduce memory usage. Loaded Objects now: 2682.
Total: 4.831060 ms (FindLiveObjects: 0.385985 ms CreateObjectMapping: 0.170454 ms MarkObjects: 4.248406 ms  DeleteObjects: 0.024183 ms)

========================================================================
Received Prepare
Registering precompiled user dll's ...
Registered in 0.004470 seconds.
Begin MonoManager ReloadAssembly
Native extension for LinuxStandalone target not found
Native extension for WindowsStandalone target not found
Refreshing native plugins compatible for Editor in 0.55 ms, found 1 plugins.
Preloading 0 native plugins for Editor in 0.00 ms.
Mono: successfully reloaded assembly
- Completed reload, in  2.513 seconds
Platform modules already initialized, skipping
Refreshing native plugins compatible for Editor in 0.93 ms, found 1 plugins.
Preloading 0 native plugins for Editor in 0.00 ms.
Unloading 2161 Unused Serialized files (Serialized files now loaded: 0)
System memory in use before: 100.2 MB.
System memory in use after: 100.4 MB.

Unloading 14 unused Assets to reduce memory usage. Loaded Objects now: 2687.
Total: 7.463249 ms (FindLiveObjects: 0.551382 ms CreateObjectMapping: 0.339239 ms MarkObjects: 6.539288 ms  DeleteObjects: 0.030425 ms)

========================================================================
Received Prepare
Registering precompiled user dll's ...
Registered in 0.003383 seconds.
Begin MonoManager ReloadAssembly
Native extension for LinuxStandalone target not found
Native extension for WindowsStandalone target not found
Refreshing native plugins compatible for Editor in 1.35 ms, found 1 plugins.
Preloading 0 native plugins for Editor in 0.00 ms.
Mono: successfully reloaded assembly
- Completed reload, in  2.520 seconds
Platform modules already initialized, skipping
Refreshing native plugins compatible for Editor in 0.99 ms, found 1 plugins.
Preloading 0 native plugins for Editor in 0.00 ms.
Unloading 2161 Unused Serialized files (Serialized files now loaded: 0)
System memory in use before: 100.2 MB.
System memory in use after: 100.4 MB.

Unloading 14 unused Assets to reduce memory usage. Loaded Objects now: 2692.
Total: 6.436667 ms (FindLiveObjects: 0.340583 ms CreateObjectMapping: 0.209909 ms MarkObjects: 5.849823 ms  DeleteObjects: 0.033599 ms)

========================================================================
Received Prepare
Registering precompiled user dll's ...
Registered in 0.003506 seconds.
Begin MonoManager ReloadAssembly
Native extension for LinuxStandalone target not found
Native extension for WindowsStandalone target not found
Refreshing native plugins compatible for Editor in 0.80 ms, found 1 plugins.
Preloading 0 native plugins for Editor in 0.00 ms.
Mono: successfully reloaded assembly
- Completed reload, in  1.953 seconds
Platform modules already initialized, skipping
Refreshing native plugins compatible for Editor in 0.57 ms, found 1 plugins.
Preloading 0 native plugins for Editor in 0.00 ms.
Unloading 2161 Unused Serialized files (Serialized files now loaded: 0)
System memory in use before: 100.3 MB.
System memory in use after: 100.4 MB.

Unloading 14 unused Assets to reduce memory usage. Loaded Objects now: 2697.
Total: 5.349122 ms (FindLiveObjects: 0.340377 ms CreateObjectMapping: 0.177593 ms MarkObjects: 4.803509 ms  DeleteObjects: 0.025443 ms)

========================================================================
Received Import Request.
  Time since last request: 654.761415 seconds.
  path: Assets/Prefabs/CodeGenerator 1.prefab
  artifactKey: Guid(f1a926c918eba5aeebcef407e773b87a) Importer(815301076,1909f56bfc062723c751e8b465ee728b)
Start importing Assets/Prefabs/CodeGenerator 1.prefab using Guid(f1a926c918eba5aeebcef407e773b87a) Importer(815301076,1909f56bfc062723c751e8b465ee728b)  -> (artifact id: '6c20952ba545967df62b30d2ceaa939c') in 0.096696 seconds 
========================================================================
Received Import Request.
  Time since last request: 0.000323 seconds.
  path: Assets/Prefabs/ENV.prefab
  artifactKey: Guid(ad3cb80faa0f058649802374cf864e65) Importer(815301076,1909f56bfc062723c751e8b465ee728b)
Start importing Assets/Prefabs/ENV.prefab using Guid(ad3cb80faa0f058649802374cf864e65) Importer(815301076,1909f56bfc062723c751e8b465ee728b)  -> (artifact id: 'e84d1d853fc1933c4c8ad35678491cd1') in 0.194101 seconds 
========================================================================
Received Import Request.
  Time since last request: 9.771465 seconds.
  path: Assets/Prefabs/ENV.prefab
  artifactKey: Guid(ad3cb80faa0f058649802374cf864e65) Importer(815301076,1909f56bfc062723c751e8b465ee728b)
Start importing Assets/Prefabs/ENV.prefab using Guid(ad3cb80faa0f058649802374cf864e65) Importer(815301076,1909f56bfc062723c751e8b465ee728b)  -> (artifact id: '5d9ead417969ffc5b2620da51efbbfa5') in 0.043712 seconds 
========================================================================
Received Import Request.
  Time since last request: 9.763176 seconds.
  path: Assets/Prefabs/block (5).prefab
  artifactKey: Guid(a6b7c4a09453756e1b96089e31603549) Importer(815301076,1909f56bfc062723c751e8b465ee728b)
Start importing Assets/Prefabs/block (5).prefab using Guid(a6b7c4a09453756e1b96089e31603549) Importer(815301076,1909f56bfc062723c751e8b465ee728b)  -> (artifact id: '7bbff469f5f32d804497f6e1767dc9c0') in 0.014474 seconds 
========================================================================
Received Import Request.
  Time since last request: 0.035692 seconds.
  path: Assets/Prefabs/ENV.prefab
  artifactKey: Guid(ad3cb80faa0f058649802374cf864e65) Importer(815301076,1909f56bfc062723c751e8b465ee728b)
Start importing Assets/Prefabs/ENV.prefab using Guid(ad3cb80faa0f058649802374cf864e65) Importer(815301076,1909f56bfc062723c751e8b465ee728b)  -> (artifact id: 'ea0f625c53eabd0e07bebe99aca81546') in 0.063427 seconds 
========================================================================
Received Import Request.
  Time since last request: 3.031459 seconds.
  path: Assets/Prefabs/ENV.prefab
  artifactKey: Guid(ad3cb80faa0f058649802374cf864e65) Importer(815301076,1909f56bfc062723c751e8b465ee728b)
Start importing Assets/Prefabs/ENV.prefab using Guid(ad3cb80faa0f058649802374cf864e65) Importer(815301076,1909f56bfc062723c751e8b465ee728b)  -> (artifact id: '776bd0b528ea968a46e2ebe227fb8431') in 0.039851 seconds 
========================================================================
Received Import Request.
  Time since last request: 12.483894 seconds.
  path: Assets/Prefabs/block.prefab
  artifactKey: Guid(a6b7c4a09453756e1b96089e31603549) Importer(815301076,1909f56bfc062723c751e8b465ee728b)
Start importing Assets/Prefabs/block.prefab using Guid(a6b7c4a09453756e1b96089e31603549) Importer(815301076,1909f56bfc062723c751e8b465ee728b)  -> (artifact id: '19b56399b9df730f5083ce3829359272') in 0.013846 seconds 
========================================================================
Received Prepare
Registering precompiled user dll's ...
Registered in 0.003268 seconds.
Begin MonoManager ReloadAssembly
Native extension for LinuxStandalone target not found
Native extension for WindowsStandalone target not found
Refreshing native plugins compatible for Editor in 0.52 ms, found 1 plugins.
Preloading 0 native plugins for Editor in 0.00 ms.
Mono: successfully reloaded assembly
- Completed reload, in  1.846 seconds
Platform modules already initialized, skipping
Refreshing native plugins compatible for Editor in 0.51 ms, found 1 plugins.
Preloading 0 native plugins for Editor in 0.00 ms.
Unloading 2161 Unused Serialized files (Serialized files now loaded: 0)
System memory in use before: 100.3 MB.
System memory in use after: 100.4 MB.

Unloading 15 unused Assets to reduce memory usage. Loaded Objects now: 2703.
Total: 6.041497 ms (FindLiveObjects: 0.277952 ms CreateObjectMapping: 0.223883 ms MarkObjects: 5.508064 ms  DeleteObjects: 0.029794 ms)

========================================================================
Received Import Request.
  Time since last request: 162.447247 seconds.
  path: Assets/Prefabs/CodeGenerator 1.prefab
  artifactKey: Guid(f1a926c918eba5aeebcef407e773b87a) Importer(815301076,1909f56bfc062723c751e8b465ee728b)
Start importing Assets/Prefabs/CodeGenerator 1.prefab using Guid(f1a926c918eba5aeebcef407e773b87a) Importer(815301076,1909f56bfc062723c751e8b465ee728b)  -> (artifact id: '8cef3935d7ff3205ad5a140590a006ab') in 0.084306 seconds 
========================================================================
Received Import Request.
  Time since last request: 6.977154 seconds.
  path: Assets/Prefabs/Diamonde.prefab
  artifactKey: Guid(d710ddb574c6ca5a3b36e000d15eaebb) Importer(815301076,1909f56bfc062723c751e8b465ee728b)
Start importing Assets/Prefabs/Diamonde.prefab using Guid(d710ddb574c6ca5a3b36e000d15eaebb) Importer(815301076,1909f56bfc062723c751e8b465ee728b)  -> (artifact id: '2606d726beef603fd186ea5c336932d4') in 0.137914 seconds 
========================================================================
Received Import Request.
  Time since last request: 0.190265 seconds.
  path: Assets/Prefabs/ENV.prefab
  artifactKey: Guid(ad3cb80faa0f058649802374cf864e65) Importer(815301076,1909f56bfc062723c751e8b465ee728b)
Start importing Assets/Prefabs/ENV.prefab using Guid(ad3cb80faa0f058649802374cf864e65) Importer(815301076,1909f56bfc062723c751e8b465ee728b)  -> (artifact id: 'b6785fc938745b52f2ac26e24c42cd90') in 0.058443 seconds 
========================================================================
Received Import Request.
  Time since last request: 8.324137 seconds.
  path: Assets/Prefabs/ENV.prefab
  artifactKey: Guid(ad3cb80faa0f058649802374cf864e65) Importer(815301076,1909f56bfc062723c751e8b465ee728b)
Start importing Assets/Prefabs/ENV.prefab using Guid(ad3cb80faa0f058649802374cf864e65) Importer(815301076,1909f56bfc062723c751e8b465ee728b)  -> (artifact id: 'f91ce64b097391d597474c116167c204') in 0.047647 seconds 
========================================================================
Received Import Request.
  Time since last request: 2.781207 seconds.
  path: Assets/Prefabs/ENV.prefab
  artifactKey: Guid(ad3cb80faa0f058649802374cf864e65) Importer(815301076,1909f56bfc062723c751e8b465ee728b)
Start importing Assets/Prefabs/ENV.prefab using Guid(ad3cb80faa0f058649802374cf864e65) Importer(815301076,1909f56bfc062723c751e8b465ee728b)  -> (artifact id: 'd741445817e9aab3da753e036cdb9347') in 0.043889 seconds 
========================================================================
Received Import Request.
  Time since last request: 2.577484 seconds.
  path: Assets/Prefabs/ENV.prefab
  artifactKey: Guid(ad3cb80faa0f058649802374cf864e65) Importer(815301076,1909f56bfc062723c751e8b465ee728b)
Start importing Assets/Prefabs/ENV.prefab using Guid(ad3cb80faa0f058649802374cf864e65) Importer(815301076,1909f56bfc062723c751e8b465ee728b)  -> (artifact id: 'd843d1b549acd58914ec9869dac1fd3e') in 0.018827 seconds 
========================================================================
Received Prepare
Registering precompiled user dll's ...
Registered in 0.003218 seconds.
Begin MonoManager ReloadAssembly
Native extension for LinuxStandalone target not found
Native extension for WindowsStandalone target not found
Refreshing native plugins compatible for Editor in 0.54 ms, found 1 plugins.
Preloading 0 native plugins for Editor in 0.00 ms.
Mono: successfully reloaded assembly
- Completed reload, in  1.801 seconds
Platform modules already initialized, skipping
Refreshing native plugins compatible for Editor in 0.54 ms, found 1 plugins.
Preloading 0 native plugins for Editor in 0.00 ms.
Unloading 2161 Unused Serialized files (Serialized files now loaded: 0)
System memory in use before: 100.3 MB.
System memory in use after: 100.5 MB.

Unloading 15 unused Assets to reduce memory usage. Loaded Objects now: 2709.
Total: 6.404942 ms (FindLiveObjects: 0.372021 ms CreateObjectMapping: 0.249738 ms MarkObjects: 5.753191 ms  DeleteObjects: 0.027878 ms)

========================================================================
Received Import Request.
  Time since last request: 51.019116 seconds.
  path: Assets/Prefabs/block.prefab
  artifactKey: Guid(a6b7c4a09453756e1b96089e31603549) Importer(815301076,1909f56bfc062723c751e8b465ee728b)
Start importing Assets/Prefabs/block.prefab using Guid(a6b7c4a09453756e1b96089e31603549) Importer(815301076,1909f56bfc062723c751e8b465ee728b)  -> (artifact id: '5600c1d865e04b10495860687c589e95') in 0.098384 seconds 
========================================================================
Received Import Request.
  Time since last request: 1.183672 seconds.
  path: Assets/Prefabs/block.prefab
  artifactKey: Guid(a6b7c4a09453756e1b96089e31603549) Importer(815301076,1909f56bfc062723c751e8b465ee728b)
Start importing Assets/Prefabs/block.prefab using Guid(a6b7c4a09453756e1b96089e31603549) Importer(815301076,1909f56bfc062723c751e8b465ee728b)  -> (artifact id: '26d7a720e32e229ef1005e4d520b1373') in 0.009820 seconds 
========================================================================
Received Import Request.
  Time since last request: 0.565984 seconds.
  path: Assets/Prefabs/block.prefab
  artifactKey: Guid(a6b7c4a09453756e1b96089e31603549) Importer(815301076,1909f56bfc062723c751e8b465ee728b)
Start importing Assets/Prefabs/block.prefab using Guid(a6b7c4a09453756e1b96089e31603549) Importer(815301076,1909f56bfc062723c751e8b465ee728b)  -> (artifact id: '1a4110df72b3c5608c69773d6ba125bc') in 0.009502 seconds 
========================================================================
Received Prepare
Registering precompiled user dll's ...
Registered in 0.004582 seconds.
Begin MonoManager ReloadAssembly
Native extension for LinuxStandalone target not found
Native extension for WindowsStandalone target not found
Refreshing native plugins compatible for Editor in 2.64 ms, found 1 plugins.
Preloading 0 native plugins for Editor in 0.00 ms.
Mono: successfully reloaded assembly
- Completed reload, in  2.937 seconds
Platform modules already initialized, skipping
Refreshing native plugins compatible for Editor in 0.85 ms, found 1 plugins.
Preloading 0 native plugins for Editor in 0.00 ms.
Unloading 2161 Unused Serialized files (Serialized files now loaded: 0)
System memory in use before: 100.4 MB.
System memory in use after: 100.6 MB.

Unloading 14 unused Assets to reduce memory usage. Loaded Objects now: 2715.
Total: 8.216767 ms (FindLiveObjects: 1.144756 ms CreateObjectMapping: 0.746570 ms MarkObjects: 6.294562 ms  DeleteObjects: 0.027595 ms)

AssetImportWorkerClient::OnTransportError - code=2 error=End of file
