Using pre-set license
Desktop is 1366 x 768 @ 60 Hz

 COMMAND LINE ARGUMENTS:
Unity
-adb2
-batchMode
-noUpm
-name
AssetImportWorker1
-projectPath
/home/rlubuntu/UnityGames/togetherFire
-logFile
Logs/AssetImportWorker1.log
-srvPort
44207
Successfully changed project path to: /home/rlubuntu/UnityGames/togetherFire
/home/rlubuntu/UnityGames/togetherFire
Using Asset Import Pipeline V2.
Refreshing native plugins compatible for Editor in 64.50 ms, found 1 plugins.
Preloading 0 native plugins for Editor in 0.00 ms.
Initialize engine version: 2021.1.4f1 (4cd64a618c1b)
[Subsystems] Discovering subsystems at path /home/mie/Unity/2021.1.4f1/Editor/Data/Resources/UnitySubsystems
[Subsystems] Discovering subsystems at path /home/rlubuntu/UnityGames/togetherFire/Assets
GLX Extensions: GLX_ARB_create_context GLX_ARB_create_context_no_error GLX_ARB_create_context_profile GLX_ARB_create_context_robustness GLX_ARB_fbconfig_float GLX_ARB_framebuffer_sRGB GLX_ARB_get_proc_address GLX_ARB_multisample GLX_EXT_buffer_age GLX_EXT_create_context_es2_profile GLX_EXT_create_context_es_profile GLX_EXT_fbconfig_packed_float GLX_EXT_framebuffer_sRGB GLX_EXT_import_context GLX_EXT_texture_from_pixmap GLX_EXT_visual_info GLX_EXT_visual_rating GLX_INTEL_swap_event GLX_MESA_copy_sub_buffer GLX_MESA_query_renderer GLX_MESA_swap_control GLX_OML_swap_method GLX_OML_sync_control GLX_SGIS_multisample GLX_SGIX_fbconfig GLX_SGIX_pbuffer GLX_SGIX_visual_select_group GLX_SGI_make_current_read GLX_SGI_swap_control GLX_SGI_video_sync 
Renderer: Mesa Intel(R) HD Graphics 620 (KBL GT2)
Vendor:   Intel
Version:  4.6 (Core Profile) Mesa 20.2.6
GLES:     0
 GL_3DFX_texture_compression_FXT1 GL_AMD_conservative_depth GL_AMD_depth_clamp_separate GL_AMD_draw_buffers_blend GL_AMD_gpu_shader_int64 GL_AMD_multi_draw_indirect GL_AMD_performance_monitor GL_AMD_pinned_memory GL_AMD_query_buffer_object GL_AMD_seamless_cubemap_per_texture GL_AMD_shader_stencil_export GL_AMD_shader_trinary_minmax GL_AMD_texture_texture4 GL_AMD_vertex_shader_layer GL_AMD_vertex_shader_viewport_index GL_ANGLE_texture_compression_dxt3 GL_ANGLE_texture_compression_dxt5 GL_ARB_ES2_compatibility GL_ARB_ES3_1_compatibility GL_ARB_ES3_2_compatibility GL_ARB_ES3_compatibility GL_ARB_arrays_of_arrays GL_ARB_base_instance GL_ARB_blend_func_extended GL_ARB_buffer_storage GL_ARB_clear_buffer_object GL_ARB_clear_texture GL_ARB_clip_control GL_ARB_compressed_texture_pixel_storage GL_ARB_compute_shader GL_ARB_compute_variable_group_size GL_ARB_conditional_render_inverted GL_ARB_conservative_depth GL_ARB_copy_buffer GL_ARB_copy_image GL_ARB_cull_distance GL_ARB_debug_output GL_ARB_depth_buffer_float GL_ARB
_depth_clamp GL_ARB_derivative_control GL_ARB_direct_state_access GL_ARB_draw_buffers GL_ARB_draw_buffers_blend GL_ARB_draw_elements_base_vertex GL_ARB_draw_indirect GL_ARB_draw_instanced GL_ARB_enhanced_layouts GL_ARB_explicit_attrib_location GL_ARB_explicit_uniform_location GL_ARB_fragment_coord_conventions GL_ARB_fragment_layer_viewport GL_ARB_fragment_shader GL_ARB_fragment_shader_interlock GL_ARB_framebuffer_no_attachments GL_ARB_framebuffer_object GL_ARB_framebuffer_sRGB GL_ARB_get_program_binary GL_ARB_get_texture_sub_image GL_ARB_gl_spirv GL_ARB_gpu_shader5 GL_ARB_gpu_shader_fp64 GL_ARB_gpu_shader_int64 GL_ARB_half_float_pixel GL_ARB_half_float_vertex GL_ARB_indirect_parameters GL_ARB_instanced_arrays GL_ARB_internalformat_query GL_ARB_internalformat_query2 GL_ARB_invalidate_subdata GL_ARB_map_buffer_alignment GL_ARB_map_buffer_range GL_ARB_multi_bind GL_ARB_multi_draw_indirect GL_ARB_occlusion_query2 GL_ARB_parallel_shader_compile GL_ARB_pipeline_statistics_query GL_ARB_pixel_buffer_object GL_ARB_po
int_sprite GL_ARB_polygon_offset_clamp GL_ARB_post_depth_coverage GL_ARB_program_interface_query GL_ARB_provoking_vertex GL_ARB_query_buffer_object GL_ARB_robust_buffer_access_behavior GL_ARB_robustness GL_ARB_sample_shading GL_ARB_sampler_objects GL_ARB_seamless_cube_map GL_ARB_seamless_cubemap_per_texture GL_ARB_separate_shader_objects GL_ARB_shader_atomic_counter_ops GL_ARB_shader_atomic_counters GL_ARB_shader_ballot GL_ARB_shader_bit_encoding GL_ARB_shader_clock GL_ARB_shader_draw_parameters GL_ARB_shader_group_vote GL_ARB_shader_image_load_store GL_ARB_shader_image_size GL_ARB_shader_objects GL_ARB_shader_precision GL_ARB_shader_stencil_export GL_ARB_shader_storage_buffer_object GL_ARB_shader_subroutine GL_ARB_shader_texture_image_samples GL_ARB_shader_texture_lod GL_ARB_shader_viewport_layer_array GL_ARB_shading_language_420pack GL_ARB_shading_language_include GL_ARB_shading_language_packing GL_ARB_spirv_extensions GL_ARB_stencil_texturing GL_ARB_sync GL_ARB_tessellation_shader GL_ARB_texture_barrier G
L_ARB_texture_buffer_object GL_ARB_texture_buffer_object_rgb32 GL_ARB_texture_buffer_range GL_ARB_texture_compression_bptc GL_ARB_texture_compression_rgtc GL_ARB_texture_cube_map_array GL_ARB_texture_filter_anisotropic GL_ARB_texture_float GL_ARB_texture_gather GL_ARB_texture_mirror_clamp_to_edge GL_ARB_texture_multisample GL_ARB_texture_non_power_of_two GL_ARB_texture_query_levels GL_ARB_texture_query_lod GL_ARB_texture_rectangle GL_ARB_texture_rg GL_ARB_texture_rgb10_a2ui GL_ARB_texture_stencil8 GL_ARB_texture_storage GL_ARB_texture_storage_multisample GL_ARB_texture_swizzle GL_ARB_texture_view GL_ARB_timer_query GL_ARB_transform_feedback2 GL_ARB_transform_feedback3 GL_ARB_transform_feedback_instanced GL_ARB_transform_feedback_overflow_query GL_ARB_uniform_buffer_object GL_ARB_vertex_array_bgra GL_ARB_vertex_array_object GL_ARB_vertex_attrib_64bit GL_ARB_vertex_attrib_binding GL_ARB_vertex_buffer_object GL_ARB_vertex_shader GL_ARB_vertex_type_10f_11f_11f_rev GL_ARB_vertex_type_2_10_10_10_rev GL_ARB_viewpor
t_array GL_ATI_blend_equation_separate GL_ATI_texture_float GL_EXT_EGL_image_storage GL_EXT_EGL_sync GL_EXT_abgr GL_EXT_blend_equation_separate GL_EXT_demote_to_helper_invocation GL_EXT_draw_buffers2 GL_EXT_draw_instanced GL_EXT_framebuffer_blit GL_EXT_framebuffer_multisample GL_EXT_framebuffer_multisample_blit_scaled GL_EXT_framebuffer_object GL_EXT_framebuffer_sRGB GL_EXT_packed_depth_stencil GL_EXT_packed_float GL_EXT_pixel_buffer_object GL_EXT_polygon_offset_clamp GL_EXT_provoking_vertex GL_EXT_shader_framebuffer_fetch GL_EXT_shader_framebuffer_fetch_non_coherent GL_EXT_shader_integer_mix GL_EXT_shader_samples_identical GL_EXT_texture_array GL_EXT_texture_compression_dxt1 GL_EXT_texture_compression_rgtc GL_EXT_texture_compression_s3tc GL_EXT_texture_filter_anisotropic GL_EXT_texture_integer GL_EXT_texture_sRGB GL_EXT_texture_sRGB_R8 GL_EXT_texture_sRGB_decode GL_EXT_texture_shadow_lod GL_EXT_texture_shared_exponent GL_EXT_texture_snorm GL_EXT_texture_swizzle GL_EXT_timer_query GL_EXT_transform_feedback G
L_EXT_vertex_array_bgra GL_EXT_vertex_attrib_64bit GL_IBM_multimode_draw_arrays GL_INTEL_blackhole_render GL_INTEL_conservative_rasterization GL_INTEL_performance_query GL_INTEL_shader_atomic_float_minmax GL_INTEL_shader_integer_functions2 GL_KHR_blend_equation_advanced GL_KHR_blend_equation_advanced_coherent GL_KHR_context_flush_control GL_KHR_debug GL_KHR_no_error GL_KHR_parallel_shader_compile GL_KHR_robust_buffer_access_behavior GL_KHR_robustness GL_KHR_texture_compression_astc_ldr GL_KHR_texture_compression_astc_sliced_3d GL_MESA_framebuffer_flip_y GL_MESA_pack_invert GL_MESA_shader_integer_functions GL_MESA_texture_signed_rgba GL_NV_compute_shader_derivatives GL_NV_conditional_render GL_NV_copy_image GL_NV_depth_clamp GL_NV_fragment_shader_interlock GL_NV_packed_depth_stencil GL_NV_texture_barrier GL_OES_EGL_image GL_S3_s3tc
OPENGL LOG: Creating OpenGL 4.6 graphics device ; Context level  <OpenGL 4.5> ; Context handle -993480144
Initialize mono
Mono path[0] = '/home/mie/Unity/2021.1.4f1/Editor/Data/Managed'
Mono path[1] = '/home/mie/Unity/2021.1.4f1/Editor/Data/MonoBleedingEdge/lib/mono/unityjit'
Mono config path = '/home/mie/Unity/2021.1.4f1/Editor/Data/MonoBleedingEdge/etc'
Using monoOptions --debugger-agent=transport=dt_socket,embedding=1,server=y,suspend=n,address=127.0.0.1:56253
Begin MonoManager ReloadAssembly
Registering precompiled unity dll's ...
Register platform support module: /home/mie/Unity/2021.1.4f1/Editor/Data/PlaybackEngines/WindowsStandaloneSupport/UnityEditor.WindowsStandalone.Extensions.dll
Register platform support module: /home/mie/Unity/2021.1.4f1/Editor/Data/PlaybackEngines/LinuxStandaloneSupport/UnityEditor.LinuxStandalone.Extensions.dll
Registered in 0.002481 seconds.
Native extension for LinuxStandalone target not found
Native extension for WindowsStandalone target not found
Refreshing native plugins compatible for Editor in 106.60 ms, found 1 plugins.
Preloading 0 native plugins for Editor in 0.00 ms.
Mono: successfully reloaded assembly
- Completed reload, in  2.146 seconds
Platform modules already initialized, skipping
Registering precompiled user dll's ...
Registered in 0.003195 seconds.
Begin MonoManager ReloadAssembly
Native extension for LinuxStandalone target not found
Native extension for WindowsStandalone target not found
Refreshing native plugins compatible for Editor in 74.08 ms, found 1 plugins.
Preloading 0 native plugins for Editor in 0.00 ms.
Mono: successfully reloaded assembly
- Completed reload, in  2.945 seconds
Platform modules already initialized, skipping
========================================================================
Worker process is ready to serve import requests
Launched and connected shader compiler UnityShaderCompiler after 0.01 seconds
Refreshing native plugins compatible for Editor in 0.60 ms, found 1 plugins.
Preloading 0 native plugins for Editor in 0.00 ms.
Unloading 2178 Unused Serialized files (Serialized files now loaded: 0)
System memory in use before: 100.1 MB.
System memory in use after: 100.2 MB.

Unloading 24 unused Assets to reduce memory usage. Loaded Objects now: 2642.
Total: 5.083055 ms (FindLiveObjects: 0.290679 ms CreateObjectMapping: 0.155517 ms MarkObjects: 4.540179 ms  DeleteObjects: 0.095138 ms)

========================================================================
Received Import Request.
  path: Assets/Scripts/Gold.cs
  artifactKey: Guid(c265101034e24ef0085af1b330f77c82) Importer(815301076,1909f56bfc062723c751e8b465ee728b)
Start importing Assets/Scripts/Gold.cs using Guid(c265101034e24ef0085af1b330f77c82) Importer(815301076,1909f56bfc062723c751e8b465ee728b)  -> (artifact id: 'ffd7484bffa9ebe2eca1fbcdf22aadfe') in 0.010438 seconds 
========================================================================
Received Prepare
Registering precompiled user dll's ...
Registered in 0.004489 seconds.
Begin MonoManager ReloadAssembly
Native extension for LinuxStandalone target not found
Native extension for WindowsStandalone target not found
Refreshing native plugins compatible for Editor in 0.55 ms, found 1 plugins.
Preloading 0 native plugins for Editor in 0.00 ms.
Mono: successfully reloaded assembly
- Completed reload, in  1.831 seconds
Platform modules already initialized, skipping
Refreshing native plugins compatible for Editor in 0.72 ms, found 1 plugins.
Preloading 0 native plugins for Editor in 0.00 ms.
Unloading 2154 Unused Serialized files (Serialized files now loaded: 0)
System memory in use before: 98.2 MB.
System memory in use after: 98.3 MB.

Unloading 14 unused Assets to reduce memory usage. Loaded Objects now: 2647.
Total: 4.445249 ms (FindLiveObjects: 0.248977 ms CreateObjectMapping: 0.131146 ms MarkObjects: 4.039861 ms  DeleteObjects: 0.023557 ms)

========================================================================
Received Prepare
Registering precompiled user dll's ...
Registered in 0.003735 seconds.
Begin MonoManager ReloadAssembly
Native extension for LinuxStandalone target not found
Native extension for WindowsStandalone target not found
Refreshing native plugins compatible for Editor in 0.54 ms, found 1 plugins.
Preloading 0 native plugins for Editor in 0.00 ms.
Mono: successfully reloaded assembly
- Completed reload, in  1.636 seconds
Platform modules already initialized, skipping
Refreshing native plugins compatible for Editor in 0.50 ms, found 1 plugins.
Preloading 0 native plugins for Editor in 0.00 ms.
Unloading 2154 Unused Serialized files (Serialized files now loaded: 0)
System memory in use before: 98.2 MB.
System memory in use after: 98.3 MB.

Unloading 14 unused Assets to reduce memory usage. Loaded Objects now: 2652.
Total: 4.967418 ms (FindLiveObjects: 0.235290 ms CreateObjectMapping: 0.108863 ms MarkObjects: 4.597049 ms  DeleteObjects: 0.024150 ms)

========================================================================
Received Prepare
Registering precompiled user dll's ...
Registered in 0.003149 seconds.
Begin MonoManager ReloadAssembly
Native extension for LinuxStandalone target not found
Native extension for WindowsStandalone target not found
Refreshing native plugins compatible for Editor in 1.02 ms, found 1 plugins.
Preloading 0 native plugins for Editor in 0.00 ms.
Mono: successfully reloaded assembly
- Completed reload, in  4.288 seconds
Platform modules already initialized, skipping
Refreshing native plugins compatible for Editor in 1.00 ms, found 1 plugins.
Preloading 0 native plugins for Editor in 0.00 ms.
Unloading 2154 Unused Serialized files (Serialized files now loaded: 0)
System memory in use before: 98.2 MB.
System memory in use after: 98.4 MB.

Unloading 14 unused Assets to reduce memory usage. Loaded Objects now: 2657.
Total: 13.231803 ms (FindLiveObjects: 0.446709 ms CreateObjectMapping: 0.263836 ms MarkObjects: 12.408966 ms  DeleteObjects: 0.107814 ms)

========================================================================
Received Prepare
Registering precompiled user dll's ...
Registered in 0.003146 seconds.
Begin MonoManager ReloadAssembly
Native extension for LinuxStandalone target not found
Native extension for WindowsStandalone target not found
Refreshing native plugins compatible for Editor in 0.51 ms, found 1 plugins.
Preloading 0 native plugins for Editor in 0.00 ms.
Mono: successfully reloaded assembly
- Completed reload, in  1.949 seconds
Platform modules already initialized, skipping
Refreshing native plugins compatible for Editor in 0.58 ms, found 1 plugins.
Preloading 0 native plugins for Editor in 0.00 ms.
Unloading 2154 Unused Serialized files (Serialized files now loaded: 0)
System memory in use before: 98.2 MB.
System memory in use after: 98.4 MB.

Unloading 14 unused Assets to reduce memory usage. Loaded Objects now: 2662.
Total: 4.867977 ms (FindLiveObjects: 0.387541 ms CreateObjectMapping: 0.202363 ms MarkObjects: 4.249595 ms  DeleteObjects: 0.026620 ms)

========================================================================
Received Prepare
Registering precompiled user dll's ...
Registered in 0.005473 seconds.
Begin MonoManager ReloadAssembly
Native extension for LinuxStandalone target not found
Native extension for WindowsStandalone target not found
Refreshing native plugins compatible for Editor in 0.71 ms, found 1 plugins.
Preloading 0 native plugins for Editor in 0.00 ms.
Mono: successfully reloaded assembly
- Completed reload, in  1.787 seconds
Platform modules already initialized, skipping
Refreshing native plugins compatible for Editor in 0.78 ms, found 1 plugins.
Preloading 0 native plugins for Editor in 0.00 ms.
Unloading 2154 Unused Serialized files (Serialized files now loaded: 0)
System memory in use before: 98.3 MB.
System memory in use after: 98.4 MB.

Unloading 14 unused Assets to reduce memory usage. Loaded Objects now: 2667.
Total: 8.203617 ms (FindLiveObjects: 0.355099 ms CreateObjectMapping: 0.213505 ms MarkObjects: 7.608211 ms  DeleteObjects: 0.024071 ms)

========================================================================
Received Prepare
Registering precompiled user dll's ...
Registered in 0.002946 seconds.
Begin MonoManager ReloadAssembly
Native extension for LinuxStandalone target not found
Native extension for WindowsStandalone target not found
Refreshing native plugins compatible for Editor in 0.53 ms, found 1 plugins.
Preloading 0 native plugins for Editor in 0.00 ms.
Mono: successfully reloaded assembly
- Completed reload, in  1.627 seconds
Platform modules already initialized, skipping
Refreshing native plugins compatible for Editor in 0.54 ms, found 1 plugins.
Preloading 0 native plugins for Editor in 0.00 ms.
Unloading 2154 Unused Serialized files (Serialized files now loaded: 0)
System memory in use before: 98.3 MB.
System memory in use after: 98.4 MB.

Unloading 14 unused Assets to reduce memory usage. Loaded Objects now: 2672.
Total: 5.229884 ms (FindLiveObjects: 0.396950 ms CreateObjectMapping: 0.232695 ms MarkObjects: 4.575200 ms  DeleteObjects: 0.023294 ms)

========================================================================
Received Prepare
Registering precompiled user dll's ...
Registered in 0.003659 seconds.
Begin MonoManager ReloadAssembly
Native extension for LinuxStandalone target not found
Native extension for WindowsStandalone target not found
Refreshing native plugins compatible for Editor in 0.99 ms, found 1 plugins.
Preloading 0 native plugins for Editor in 0.00 ms.
Mono: successfully reloaded assembly
- Completed reload, in  3.435 seconds
Platform modules already initialized, skipping
Refreshing native plugins compatible for Editor in 0.81 ms, found 1 plugins.
Preloading 0 native plugins for Editor in 0.00 ms.
Unloading 2154 Unused Serialized files (Serialized files now loaded: 0)
System memory in use before: 98.3 MB.
System memory in use after: 98.4 MB.

Unloading 14 unused Assets to reduce memory usage. Loaded Objects now: 2677.
Total: 6.799063 ms (FindLiveObjects: 0.513266 ms CreateObjectMapping: 0.275354 ms MarkObjects: 5.976235 ms  DeleteObjects: 0.031822 ms)

========================================================================
Received Prepare
Registering precompiled user dll's ...
Registered in 0.004375 seconds.
Begin MonoManager ReloadAssembly
Native extension for LinuxStandalone target not found
Native extension for WindowsStandalone target not found
Refreshing native plugins compatible for Editor in 0.96 ms, found 1 plugins.
Preloading 0 native plugins for Editor in 0.00 ms.
Mono: successfully reloaded assembly
- Completed reload, in  1.605 seconds
Platform modules already initialized, skipping
Refreshing native plugins compatible for Editor in 0.51 ms, found 1 plugins.
Preloading 0 native plugins for Editor in 0.00 ms.
Unloading 2154 Unused Serialized files (Serialized files now loaded: 0)
System memory in use before: 98.3 MB.
System memory in use after: 98.4 MB.

Unloading 14 unused Assets to reduce memory usage. Loaded Objects now: 2682.
Total: 5.447561 ms (FindLiveObjects: 0.476808 ms CreateObjectMapping: 0.502296 ms MarkObjects: 4.442779 ms  DeleteObjects: 0.024006 ms)

========================================================================
Received Prepare
Registering precompiled user dll's ...
Registered in 0.003378 seconds.
Begin MonoManager ReloadAssembly
Native extension for LinuxStandalone target not found
Native extension for WindowsStandalone target not found
Refreshing native plugins compatible for Editor in 0.86 ms, found 1 plugins.
Preloading 0 native plugins for Editor in 0.00 ms.
Mono: successfully reloaded assembly
- Completed reload, in  1.588 seconds
Platform modules already initialized, skipping
Refreshing native plugins compatible for Editor in 0.59 ms, found 1 plugins.
Preloading 0 native plugins for Editor in 0.00 ms.
Unloading 2154 Unused Serialized files (Serialized files now loaded: 0)
System memory in use before: 98.3 MB.
System memory in use after: 98.4 MB.

Unloading 14 unused Assets to reduce memory usage. Loaded Objects now: 2687.
Total: 9.371957 ms (FindLiveObjects: 0.375537 ms CreateObjectMapping: 0.356817 ms MarkObjects: 8.614827 ms  DeleteObjects: 0.022815 ms)

========================================================================
Received Import Request.
  Time since last request: 1253.864855 seconds.
  path: Assets/Scripts/GunBullet.cs
  artifactKey: Guid(7096ef1c7710c39f3866f12fdee9cbe8) Importer(815301076,1909f56bfc062723c751e8b465ee728b)
Start importing Assets/Scripts/GunBullet.cs using Guid(7096ef1c7710c39f3866f12fdee9cbe8) Importer(815301076,1909f56bfc062723c751e8b465ee728b)  -> (artifact id: '2315d98ce9b9ba98bf7b60ae37748701') in 0.006554 seconds 
========================================================================
Received Import Request.
  Time since last request: 219.080075 seconds.
  path: Assets/Prefabs/ENV.prefab
  artifactKey: Guid(ad3cb80faa0f058649802374cf864e65) Importer(815301076,1909f56bfc062723c751e8b465ee728b)
Start importing Assets/Prefabs/ENV.prefab using Guid(ad3cb80faa0f058649802374cf864e65) Importer(815301076,1909f56bfc062723c751e8b465ee728b)  -> (artifact id: '1c64db041ccd765962865f87f38a94a0') in 0.391021 seconds 
========================================================================
Received Prepare
Registering precompiled user dll's ...
Registered in 0.012376 seconds.
Begin MonoManager ReloadAssembly
Native extension for LinuxStandalone target not found
Native extension for WindowsStandalone target not found
Refreshing native plugins compatible for Editor in 0.53 ms, found 1 plugins.
Preloading 0 native plugins for Editor in 0.00 ms.
Mono: successfully reloaded assembly
- Completed reload, in  1.637 seconds
Platform modules already initialized, skipping
Refreshing native plugins compatible for Editor in 0.63 ms, found 1 plugins.
Preloading 0 native plugins for Editor in 0.00 ms.
Unloading 2154 Unused Serialized files (Serialized files now loaded: 0)
System memory in use before: 99.9 MB.
System memory in use after: 100.0 MB.

Unloading 15 unused Assets to reduce memory usage. Loaded Objects now: 2699.
Total: 4.562973 ms (FindLiveObjects: 0.239948 ms CreateObjectMapping: 0.148051 ms MarkObjects: 4.147201 ms  DeleteObjects: 0.026068 ms)

========================================================================
Received Prepare
Registering precompiled user dll's ...
Registered in 0.004451 seconds.
Begin MonoManager ReloadAssembly
Native extension for LinuxStandalone target not found
Native extension for WindowsStandalone target not found
Refreshing native plugins compatible for Editor in 0.59 ms, found 1 plugins.
Preloading 0 native plugins for Editor in 0.00 ms.
Mono: successfully reloaded assembly
- Completed reload, in  1.735 seconds
Platform modules already initialized, skipping
Refreshing native plugins compatible for Editor in 0.55 ms, found 1 plugins.
Preloading 0 native plugins for Editor in 0.00 ms.
Unloading 2154 Unused Serialized files (Serialized files now loaded: 0)
System memory in use before: 99.9 MB.
System memory in use after: 100.0 MB.

Unloading 14 unused Assets to reduce memory usage. Loaded Objects now: 2704.
Total: 4.733053 ms (FindLiveObjects: 0.244784 ms CreateObjectMapping: 0.158091 ms MarkObjects: 4.303940 ms  DeleteObjects: 0.024211 ms)

========================================================================
Received Prepare
Registering precompiled user dll's ...
Registered in 0.009626 seconds.
Begin MonoManager ReloadAssembly
Native extension for LinuxStandalone target not found
Native extension for WindowsStandalone target not found
Refreshing native plugins compatible for Editor in 0.71 ms, found 1 plugins.
Preloading 0 native plugins for Editor in 0.00 ms.
Mono: successfully reloaded assembly
- Completed reload, in  4.851 seconds
Platform modules already initialized, skipping
Refreshing native plugins compatible for Editor in 1.04 ms, found 1 plugins.
Preloading 0 native plugins for Editor in 0.00 ms.
Unloading 2154 Unused Serialized files (Serialized files now loaded: 0)
System memory in use before: 99.9 MB.
System memory in use after: 100.0 MB.

Unloading 14 unused Assets to reduce memory usage. Loaded Objects now: 2709.
Total: 9.726427 ms (FindLiveObjects: 0.654875 ms CreateObjectMapping: 0.498217 ms MarkObjects: 8.537971 ms  DeleteObjects: 0.032442 ms)

========================================================================
Received Import Request.
  Time since last request: 306.959809 seconds.
  path: Assets/Vector Parts/Body.png
  artifactKey: Guid(603834e17ea100044836d617141f1fc4) Importer(815301076,1909f56bfc062723c751e8b465ee728b)
Start importing Assets/Vector Parts/Body.png using Guid(603834e17ea100044836d617141f1fc4) Importer(815301076,1909f56bfc062723c751e8b465ee728b)  -> (artifact id: 'e31568f8607c8ed6c7748ff5a19ea3cf') in 0.147345 seconds 
========================================================================
Received Import Request.
  Time since last request: 0.000260 seconds.
  path: Assets/Vector Parts/Face 01.png
  artifactKey: Guid(dde228dd3c2a0974f8af6ffab91dba32) Importer(815301076,1909f56bfc062723c751e8b465ee728b)
Start importing Assets/Vector Parts/Face 01.png using Guid(dde228dd3c2a0974f8af6ffab91dba32) Importer(815301076,1909f56bfc062723c751e8b465ee728b)  -> (artifact id: 'd59a80000cc23720a0e2c9267047d801') in 0.011058 seconds 
========================================================================
Received Import Request.
  Time since last request: 0.000242 seconds.
  path: Assets/Vector Parts/Right Hand.png
  artifactKey: Guid(95877f25d4fda5a499d812fd3a855b06) Importer(815301076,1909f56bfc062723c751e8b465ee728b)
Start importing Assets/Vector Parts/Right Hand.png using Guid(95877f25d4fda5a499d812fd3a855b06) Importer(815301076,1909f56bfc062723c751e8b465ee728b)  -> (artifact id: '1f05681686c040b944e9b1cad6ff1f46') in 0.013101 seconds 
========================================================================
Received Import Request.
  Time since last request: 0.000272 seconds.
  path: Assets/Vector Parts/Sword.png
  artifactKey: Guid(e39a96d8716aeb643bb714988f4bc98f) Importer(815301076,1909f56bfc062723c751e8b465ee728b)
Start importing Assets/Vector Parts/Sword.png using Guid(e39a96d8716aeb643bb714988f4bc98f) Importer(815301076,1909f56bfc062723c751e8b465ee728b)  -> (artifact id: '97d7989412ad06557e351dc0c2e283e4') in 0.033101 seconds 
========================================================================
Received Import Request.
  Time since last request: 0.000277 seconds.
  path: Assets/Vector Parts/SlashFX.png
  artifactKey: Guid(e2a204cc738900541907da80e7a61aaa) Importer(815301076,1909f56bfc062723c751e8b465ee728b)
Start importing Assets/Vector Parts/SlashFX.png using Guid(e2a204cc738900541907da80e7a61aaa) Importer(815301076,1909f56bfc062723c751e8b465ee728b)  -> (artifact id: 'ecaafc3f66414ac9dd132b6ec03e104d') in 0.020149 seconds 
========================================================================
Received Import Request.
  Time since last request: 0.000366 seconds.
  path: Assets/Vector Parts/Left Arm.png
  artifactKey: Guid(bb6f124b0c46f9842b262c48b8d34cbf) Importer(815301076,1909f56bfc062723c751e8b465ee728b)
Start importing Assets/Vector Parts/Left Arm.png using Guid(bb6f124b0c46f9842b262c48b8d34cbf) Importer(815301076,1909f56bfc062723c751e8b465ee728b)  -> (artifact id: '8d0b9a6c7121059238d387e6eac40c36') in 0.039550 seconds 
========================================================================
Received Import Request.
  Time since last request: 0.000517 seconds.
  path: Assets/Vector Parts/Left Leg.png
  artifactKey: Guid(f1d3bde014b746b46a2e1b8fb8c235aa) Importer(815301076,1909f56bfc062723c751e8b465ee728b)
Start importing Assets/Vector Parts/Left Leg.png using Guid(f1d3bde014b746b46a2e1b8fb8c235aa) Importer(815301076,1909f56bfc062723c751e8b465ee728b)  -> (artifact id: '94798b6ab99e58d103946460fe97f0fc') in 0.015023 seconds 
========================================================================
Received Import Request.
  Time since last request: 0.000401 seconds.
  path: Assets/Vector Parts/Reaper_Man.prefab
  artifactKey: Guid(2d936ca8cfcf8d64ba06f3d8bd183c30) Importer(815301076,1909f56bfc062723c751e8b465ee728b)
Start importing Assets/Vector Parts/Reaper_Man.prefab using Guid(2d936ca8cfcf8d64ba06f3d8bd183c30) Importer(815301076,1909f56bfc062723c751e8b465ee728b)  -> (artifact id: 'dd7a8f4af9efd0daab9d8164c93babf9') in 0.122347 seconds 
========================================================================
Received Import Request.
  Time since last request: 0.001842 seconds.
  path: Assets/Vector Parts/Face 03.png
  artifactKey: Guid(0b6d71adff69144478f67023e7c7854f) Importer(815301076,1909f56bfc062723c751e8b465ee728b)
Start importing Assets/Vector Parts/Face 03.png using Guid(0b6d71adff69144478f67023e7c7854f) Importer(815301076,1909f56bfc062723c751e8b465ee728b)  -> (artifact id: '322b957bfdf2d34513c635f59cf14e23') in 0.019605 seconds 
========================================================================
Received Import Request.
  Time since last request: 0.000304 seconds.
  path: Assets/Vector Parts/Head.png
  artifactKey: Guid(3c299a60449c8b24eb8bd21c5826f879) Importer(815301076,1909f56bfc062723c751e8b465ee728b)
Start importing Assets/Vector Parts/Head.png using Guid(3c299a60449c8b24eb8bd21c5826f879) Importer(815301076,1909f56bfc062723c751e8b465ee728b)  -> (artifact id: 'bb457708fad8aa814e4692e47ee79ccc') in 0.022595 seconds 
========================================================================
Received Import Request.
  Time since last request: 0.003682 seconds.
  path: Assets/Vector Parts/Left Hand.png
  artifactKey: Guid(7ea7fa74fba843e4d891cbe96051e338) Importer(815301076,1909f56bfc062723c751e8b465ee728b)
Start importing Assets/Vector Parts/Left Hand.png using Guid(7ea7fa74fba843e4d891cbe96051e338) Importer(815301076,1909f56bfc062723c751e8b465ee728b)  -> (artifact id: '328dcd8a1bfa906e6ca99449b397d4f5') in 0.015684 seconds 
========================================================================
Received Import Request.
  Time since last request: 0.000278 seconds.
  path: Assets/Vector Parts/Right Leg.png
  artifactKey: Guid(879afab677a14d044822b8f4f324820c) Importer(815301076,1909f56bfc062723c751e8b465ee728b)
Start importing Assets/Vector Parts/Right Leg.png using Guid(879afab677a14d044822b8f4f324820c) Importer(815301076,1909f56bfc062723c751e8b465ee728b)  -> (artifact id: 'bc9b082a3630e169c6642e155fa17229') in 0.036729 seconds 
========================================================================
Received Import Request.
  Time since last request: 0.000355 seconds.
  path: Assets/Vector Parts/Face 02.png
  artifactKey: Guid(b105cfb8a2466a74a9bf791170045472) Importer(815301076,1909f56bfc062723c751e8b465ee728b)
Start importing Assets/Vector Parts/Face 02.png using Guid(b105cfb8a2466a74a9bf791170045472) Importer(815301076,1909f56bfc062723c751e8b465ee728b)  -> (artifact id: 'b889a89f837e915b66edabf59a5a560b') in 0.018978 seconds 
========================================================================
Received Import Request.
  Time since last request: 0.001960 seconds.
  path: Assets/Vector Parts/Right Arm.png
  artifactKey: Guid(d8dd94c0d8f2dc34c80ac4c53d348666) Importer(815301076,1909f56bfc062723c751e8b465ee728b)
Start importing Assets/Vector Parts/Right Arm.png using Guid(d8dd94c0d8f2dc34c80ac4c53d348666) Importer(815301076,1909f56bfc062723c751e8b465ee728b)  -> (artifact id: 'b5abe375125c86737b615ee267712f10') in 0.020009 seconds 
========================================================================
Received Import Request.
  Time since last request: 12.821865 seconds.
  path: Assets/Scenes/MainScene2.unity
  artifactKey: Guid(97d761529daf913809a9ba3736d07101) Importer(815301076,1909f56bfc062723c751e8b465ee728b)
Start importing Assets/Scenes/MainScene2.unity using Guid(97d761529daf913809a9ba3736d07101) Importer(815301076,1909f56bfc062723c751e8b465ee728b)  -> (artifact id: '88b007690273da0d9835a82a606e58ac') in 0.011989 seconds 
========================================================================
Received Prepare
Registering precompiled user dll's ...
Registered in 0.002922 seconds.
Begin MonoManager ReloadAssembly
Native extension for LinuxStandalone target not found
Native extension for WindowsStandalone target not found
Refreshing native plugins compatible for Editor in 0.94 ms, found 1 plugins.
Preloading 0 native plugins for Editor in 0.00 ms.
Mono: successfully reloaded assembly
- Completed reload, in  3.098 seconds
Platform modules already initialized, skipping
Refreshing native plugins compatible for Editor in 0.66 ms, found 1 plugins.
Preloading 0 native plugins for Editor in 0.00 ms.
Unloading 2167 Unused Serialized files (Serialized files now loaded: 0)
System memory in use before: 106.7 MB.
System memory in use after: 107.0 MB.

Unloading 14 unused Assets to reduce memory usage. Loaded Objects now: 2916.
Total: 8.939860 ms (FindLiveObjects: 0.629572 ms CreateObjectMapping: 0.360143 ms MarkObjects: 7.784558 ms  DeleteObjects: 0.154987 ms)

========================================================================
Received Import Request.
  Time since last request: 196.672964 seconds.
  path: Assets/Scenes/MainScene2.unity
  artifactKey: Guid(97d761529daf913809a9ba3736d07101) Importer(815301076,1909f56bfc062723c751e8b465ee728b)
Start importing Assets/Scenes/MainScene2.unity using Guid(97d761529daf913809a9ba3736d07101) Importer(815301076,1909f56bfc062723c751e8b465ee728b)  -> (artifact id: 'd369e056572975337f5f51e60ad3f668') in 0.077012 seconds 
========================================================================
Received Prepare
Registering precompiled user dll's ...
Registered in 0.004219 seconds.
Begin MonoManager ReloadAssembly
Native extension for LinuxStandalone target not found
Native extension for WindowsStandalone target not found
Refreshing native plugins compatible for Editor in 2.09 ms, found 1 plugins.
Preloading 0 native plugins for Editor in 0.00 ms.
Mono: successfully reloaded assembly
- Completed reload, in  5.022 seconds
Platform modules already initialized, skipping
Refreshing native plugins compatible for Editor in 2.56 ms, found 1 plugins.
Preloading 0 native plugins for Editor in 0.00 ms.
Unloading 2154 Unused Serialized files (Serialized files now loaded: 0)
System memory in use before: 106.2 MB.
System memory in use after: 106.4 MB.

Unloading 14 unused Assets to reduce memory usage. Loaded Objects now: 2921.
Total: 13.168553 ms (FindLiveObjects: 1.049805 ms CreateObjectMapping: 0.390365 ms MarkObjects: 11.634278 ms  DeleteObjects: 0.083865 ms)

========================================================================
Received Import Request.
  Time since last request: 500.627893 seconds.
  path: Assets/Prefabs/Pistol.prefab
  artifactKey: Guid(a9105a24aea50cc65b99c80973d189d9) Importer(815301076,1909f56bfc062723c751e8b465ee728b)
Start importing Assets/Prefabs/Pistol.prefab using Guid(a9105a24aea50cc65b99c80973d189d9) Importer(815301076,1909f56bfc062723c751e8b465ee728b)  -> (artifact id: 'a6b63bf242ccc15c07d70c088008d6f7') in 0.105164 seconds 
========================================================================
Received Import Request.
  Time since last request: 0.000225 seconds.
  path: Assets/Prefabs/Grenade.prefab
  artifactKey: Guid(6e093c73b040efd6a9f0e633307e4cc3) Importer(815301076,1909f56bfc062723c751e8b465ee728b)
Start importing Assets/Prefabs/Grenade.prefab using Guid(6e093c73b040efd6a9f0e633307e4cc3) Importer(815301076,1909f56bfc062723c751e8b465ee728b)  -> (artifact id: '75c075a29c6a00b34a9e35a056bfb325') in 0.010682 seconds 
========================================================================
Received Import Request.
  Time since last request: 0.000252 seconds.
  path: Assets/Prefabs/Sword.prefab
  artifactKey: Guid(f15ff0909bb980412ab81124ccc95df1) Importer(815301076,1909f56bfc062723c751e8b465ee728b)
Start importing Assets/Prefabs/Sword.prefab using Guid(f15ff0909bb980412ab81124ccc95df1) Importer(815301076,1909f56bfc062723c751e8b465ee728b)  -> (artifact id: 'd397619d1321b63aebd0310c1d3e4eda') in 0.019936 seconds 
========================================================================
Received Import Request.
  Time since last request: 0.000233 seconds.
  path: Assets/Prefabs/MachineGun.prefab
  artifactKey: Guid(217a18fc65f04f236938d8649e40ddab) Importer(815301076,1909f56bfc062723c751e8b465ee728b)
Start importing Assets/Prefabs/MachineGun.prefab using Guid(217a18fc65f04f236938d8649e40ddab) Importer(815301076,1909f56bfc062723c751e8b465ee728b)  -> (artifact id: '9fde8336ecce3d414e5b059a6e268d92') in 0.026536 seconds 
========================================================================
Received Import Request.
  Time since last request: 3.441040 seconds.
  path: Assets/Prefabs/Pistol.prefab
  artifactKey: Guid(a9105a24aea50cc65b99c80973d189d9) Importer(815301076,1909f56bfc062723c751e8b465ee728b)
Start importing Assets/Prefabs/Pistol.prefab using Guid(a9105a24aea50cc65b99c80973d189d9) Importer(815301076,1909f56bfc062723c751e8b465ee728b)  -> (artifact id: 'acd8c2f6f21d95da25c7c48f7e097089') in 0.011085 seconds 
========================================================================
Received Import Request.
  Time since last request: 0.051392 seconds.
  path: Assets/Prefabs/Grenade.prefab
  artifactKey: Guid(6e093c73b040efd6a9f0e633307e4cc3) Importer(815301076,1909f56bfc062723c751e8b465ee728b)
Start importing Assets/Prefabs/Grenade.prefab using Guid(6e093c73b040efd6a9f0e633307e4cc3) Importer(815301076,1909f56bfc062723c751e8b465ee728b)  -> (artifact id: '5d9707cccb6da8114c0e5ebf836debf3') in 0.008463 seconds 
========================================================================
Received Import Request.
  Time since last request: 0.000188 seconds.
  path: Assets/Prefabs/Sword.prefab
  artifactKey: Guid(f15ff0909bb980412ab81124ccc95df1) Importer(815301076,1909f56bfc062723c751e8b465ee728b)
Start importing Assets/Prefabs/Sword.prefab using Guid(f15ff0909bb980412ab81124ccc95df1) Importer(815301076,1909f56bfc062723c751e8b465ee728b)  -> (artifact id: '08df6b0c9983c57f3022add801987834') in 0.008863 seconds 
========================================================================
Received Import Request.
  Time since last request: 0.000165 seconds.
  path: Assets/Prefabs/MachineGun.prefab
  artifactKey: Guid(217a18fc65f04f236938d8649e40ddab) Importer(815301076,1909f56bfc062723c751e8b465ee728b)
Start importing Assets/Prefabs/MachineGun.prefab using Guid(217a18fc65f04f236938d8649e40ddab) Importer(815301076,1909f56bfc062723c751e8b465ee728b)  -> (artifact id: '2d69a392b69a4713cbf39a2963fefbc4') in 0.008691 seconds 
========================================================================
Received Prepare
Registering precompiled user dll's ...
Registered in 0.004304 seconds.
Begin MonoManager ReloadAssembly
Native extension for LinuxStandalone target not found
Native extension for WindowsStandalone target not found
Refreshing native plugins compatible for Editor in 0.89 ms, found 1 plugins.
Preloading 0 native plugins for Editor in 0.00 ms.
Mono: successfully reloaded assembly
- Completed reload, in  2.641 seconds
Platform modules already initialized, skipping
Refreshing native plugins compatible for Editor in 0.61 ms, found 1 plugins.
Preloading 0 native plugins for Editor in 0.00 ms.
Unloading 2154 Unused Serialized files (Serialized files now loaded: 0)
System memory in use before: 106.2 MB.
System memory in use after: 106.5 MB.

Unloading 14 unused Assets to reduce memory usage. Loaded Objects now: 2927.
Total: 8.228699 ms (FindLiveObjects: 1.279706 ms CreateObjectMapping: 0.269603 ms MarkObjects: 6.615638 ms  DeleteObjects: 0.059557 ms)

========================================================================
Received Import Request.
  Time since last request: 474.425316 seconds.
  path: Assets/Scenes/MainScene2.unity
  artifactKey: Guid(97d761529daf913809a9ba3736d07101) Importer(815301076,1909f56bfc062723c751e8b465ee728b)
Start importing Assets/Scenes/MainScene2.unity using Guid(97d761529daf913809a9ba3736d07101) Importer(815301076,1909f56bfc062723c751e8b465ee728b)  -> (artifact id: '643bb6ff0c91fc4b1046f9b8106005f5') in 0.019268 seconds 
========================================================================
Received Prepare
Registering precompiled user dll's ...
Registered in 0.008555 seconds.
Begin MonoManager ReloadAssembly
Native extension for LinuxStandalone target not found
Native extension for WindowsStandalone target not found
Refreshing native plugins compatible for Editor in 0.52 ms, found 1 plugins.
Preloading 0 native plugins for Editor in 0.00 ms.
Mono: successfully reloaded assembly
- Completed reload, in  1.681 seconds
Platform modules already initialized, skipping
Refreshing native plugins compatible for Editor in 0.56 ms, found 1 plugins.
Preloading 0 native plugins for Editor in 0.00 ms.
Unloading 2154 Unused Serialized files (Serialized files now loaded: 0)
System memory in use before: 106.3 MB.
System memory in use after: 106.5 MB.

Unloading 14 unused Assets to reduce memory usage. Loaded Objects now: 2932.
Total: 5.182221 ms (FindLiveObjects: 0.320771 ms CreateObjectMapping: 0.152865 ms MarkObjects: 4.670619 ms  DeleteObjects: 0.035189 ms)

========================================================================
Received Prepare
Registering precompiled user dll's ...
Registered in 0.003205 seconds.
Begin MonoManager ReloadAssembly
Native extension for LinuxStandalone target not found
Native extension for WindowsStandalone target not found
Refreshing native plugins compatible for Editor in 1.46 ms, found 1 plugins.
Preloading 0 native plugins for Editor in 0.00 ms.
Mono: successfully reloaded assembly
- Completed reload, in  3.419 seconds
Platform modules already initialized, skipping
Refreshing native plugins compatible for Editor in 0.65 ms, found 1 plugins.
Preloading 0 native plugins for Editor in 0.00 ms.
Unloading 2154 Unused Serialized files (Serialized files now loaded: 0)
System memory in use before: 106.3 MB.
System memory in use after: 106.5 MB.

Unloading 14 unused Assets to reduce memory usage. Loaded Objects now: 2937.
Total: 11.433949 ms (FindLiveObjects: 0.428559 ms CreateObjectMapping: 0.194672 ms MarkObjects: 10.735087 ms  DeleteObjects: 0.072055 ms)

========================================================================
Received Import Request.
  Time since last request: 937.325751 seconds.
  path: Assets/Prefabs/Pistol.prefab
  artifactKey: Guid(a9105a24aea50cc65b99c80973d189d9) Importer(815301076,1909f56bfc062723c751e8b465ee728b)
Start importing Assets/Prefabs/Pistol.prefab using Guid(a9105a24aea50cc65b99c80973d189d9) Importer(815301076,1909f56bfc062723c751e8b465ee728b)  -> (artifact id: '934529d93835c7277eb66f4a4a47eb4e') in 0.093188 seconds 
========================================================================
Received Import Request.
  Time since last request: 0.000196 seconds.
  path: Assets/Prefabs/Grenade.prefab
  artifactKey: Guid(6e093c73b040efd6a9f0e633307e4cc3) Importer(815301076,1909f56bfc062723c751e8b465ee728b)
Start importing Assets/Prefabs/Grenade.prefab using Guid(6e093c73b040efd6a9f0e633307e4cc3) Importer(815301076,1909f56bfc062723c751e8b465ee728b)  -> (artifact id: 'aefd64a8f725297616b24afad6921deb') in 0.009309 seconds 
========================================================================
Received Import Request.
  Time since last request: 0.000173 seconds.
  path: Assets/Prefabs/MachineGun.prefab
  artifactKey: Guid(217a18fc65f04f236938d8649e40ddab) Importer(815301076,1909f56bfc062723c751e8b465ee728b)
Start importing Assets/Prefabs/MachineGun.prefab using Guid(217a18fc65f04f236938d8649e40ddab) Importer(815301076,1909f56bfc062723c751e8b465ee728b)  -> (artifact id: '73a1edc45931b1b0b6fb986eb13146df') in 0.009040 seconds 
========================================================================
Received Import Request.
  Time since last request: 2.179352 seconds.
  path: Assets/Prefabs/Sword.prefab
  artifactKey: Guid(f15ff0909bb980412ab81124ccc95df1) Importer(815301076,1909f56bfc062723c751e8b465ee728b)
Start importing Assets/Prefabs/Sword.prefab using Guid(f15ff0909bb980412ab81124ccc95df1) Importer(815301076,1909f56bfc062723c751e8b465ee728b)  -> (artifact id: '2b7f4c26d86f9d8a1e527ac4182bea78') in 0.013577 seconds 
========================================================================
Received Prepare
Registering precompiled user dll's ...
Registered in 0.006139 seconds.
Begin MonoManager ReloadAssembly
Native extension for LinuxStandalone target not found
Native extension for WindowsStandalone target not found
Refreshing native plugins compatible for Editor in 1.35 ms, found 1 plugins.
Preloading 0 native plugins for Editor in 0.00 ms.
Mono: successfully reloaded assembly
- Completed reload, in  4.444 seconds
Platform modules already initialized, skipping
Refreshing native plugins compatible for Editor in 1.29 ms, found 1 plugins.
Preloading 0 native plugins for Editor in 0.00 ms.
Unloading 2154 Unused Serialized files (Serialized files now loaded: 0)
System memory in use before: 106.3 MB.
System memory in use after: 106.5 MB.

Unloading 14 unused Assets to reduce memory usage. Loaded Objects now: 2943.
Total: 6.780187 ms (FindLiveObjects: 0.418805 ms CreateObjectMapping: 0.237866 ms MarkObjects: 6.090909 ms  DeleteObjects: 0.029981 ms)

========================================================================
Received Import Request.
  Time since last request: 194.138167 seconds.
  path: Assets/Prefabs/Pistol.prefab
  artifactKey: Guid(a9105a24aea50cc65b99c80973d189d9) Importer(815301076,1909f56bfc062723c751e8b465ee728b)
Start importing Assets/Prefabs/Pistol.prefab using Guid(a9105a24aea50cc65b99c80973d189d9) Importer(815301076,1909f56bfc062723c751e8b465ee728b)  -> (artifact id: 'a393026f2662367ec5b6c638bd26cfc1') in 0.100497 seconds 
========================================================================
Received Import Request.
  Time since last request: 1.084096 seconds.
  path: Assets/Scenes/MainScene2.unity
  artifactKey: Guid(97d761529daf913809a9ba3736d07101) Importer(815301076,1909f56bfc062723c751e8b465ee728b)
Start importing Assets/Scenes/MainScene2.unity using Guid(97d761529daf913809a9ba3736d07101) Importer(815301076,1909f56bfc062723c751e8b465ee728b)  -> (artifact id: '03e78b5d3a898387c695754343cdce76') in 0.001931 seconds 
========================================================================
Received Import Request.
  Time since last request: 25.036609 seconds.
  path: ProjectSettings/TagManager.asset
  artifactKey: Guid(00000000000000003000000000000000) Importer(815301076,1909f56bfc062723c751e8b465ee728b)
Start importing ProjectSettings/TagManager.asset using Guid(00000000000000003000000000000000) Importer(815301076,1909f56bfc062723c751e8b465ee728b)  -> (artifact id: 'e1a817a586b2c4c326bcee520f7c49d8') in 0.001824 seconds 
========================================================================
Received Import Request.
  Time since last request: 28.267467 seconds.
  path: Assets/Prefabs/Grenade.prefab
  artifactKey: Guid(6e093c73b040efd6a9f0e633307e4cc3) Importer(815301076,1909f56bfc062723c751e8b465ee728b)
Start importing Assets/Prefabs/Grenade.prefab using Guid(6e093c73b040efd6a9f0e633307e4cc3) Importer(815301076,1909f56bfc062723c751e8b465ee728b)  -> (artifact id: '54a160b8bdd506b351b58fd1f7bf7d7a') in 0.011463 seconds 
========================================================================
Received Import Request.
  Time since last request: 0.000272 seconds.
  path: Assets/Prefabs/MachineGun.prefab
  artifactKey: Guid(217a18fc65f04f236938d8649e40ddab) Importer(815301076,1909f56bfc062723c751e8b465ee728b)
Start importing Assets/Prefabs/MachineGun.prefab using Guid(217a18fc65f04f236938d8649e40ddab) Importer(815301076,1909f56bfc062723c751e8b465ee728b)  -> (artifact id: 'ca72248e0a850060ea82b44fd59f6fd4') in 0.012267 seconds 
========================================================================
Received Import Request.
  Time since last request: 48.443724 seconds.
  path: Assets/Prefabs/Sword.prefab
  artifactKey: Guid(f15ff0909bb980412ab81124ccc95df1) Importer(815301076,1909f56bfc062723c751e8b465ee728b)
Start importing Assets/Prefabs/Sword.prefab using Guid(f15ff0909bb980412ab81124ccc95df1) Importer(815301076,1909f56bfc062723c751e8b465ee728b)  -> (artifact id: '285c94d12e7cff67aba16a8868bcc4f5') in 0.017173 seconds 
========================================================================
Received Import Request.
  Time since last request: 16.849340 seconds.
  path: Assets/Prefabs/Pistol.prefab
  artifactKey: Guid(a9105a24aea50cc65b99c80973d189d9) Importer(815301076,1909f56bfc062723c751e8b465ee728b)
Start importing Assets/Prefabs/Pistol.prefab using Guid(a9105a24aea50cc65b99c80973d189d9) Importer(815301076,1909f56bfc062723c751e8b465ee728b)  -> (artifact id: '79c7a380c0ca9188f4770bd517686bfa') in 0.009536 seconds 
========================================================================
Received Import Request.
  Time since last request: 0.040964 seconds.
  path: Assets/Prefabs/MachineGun.prefab
  artifactKey: Guid(217a18fc65f04f236938d8649e40ddab) Importer(815301076,1909f56bfc062723c751e8b465ee728b)
Start importing Assets/Prefabs/MachineGun.prefab using Guid(217a18fc65f04f236938d8649e40ddab) Importer(815301076,1909f56bfc062723c751e8b465ee728b)  -> (artifact id: '5777aae5160b9efd5596b95ed7c730b4') in 0.027316 seconds 
========================================================================
Received Import Request.
  Time since last request: 0.000242 seconds.
  path: Assets/Prefabs/Sword.prefab
  artifactKey: Guid(f15ff0909bb980412ab81124ccc95df1) Importer(815301076,1909f56bfc062723c751e8b465ee728b)
Start importing Assets/Prefabs/Sword.prefab using Guid(f15ff0909bb980412ab81124ccc95df1) Importer(815301076,1909f56bfc062723c751e8b465ee728b)  -> (artifact id: '4ba0fedf3fbcff292e0bace5c8f1e174') in 0.011611 seconds 
========================================================================
Received Prepare
Registering precompiled user dll's ...
Registered in 0.004327 seconds.
Begin MonoManager ReloadAssembly
Native extension for LinuxStandalone target not found
Native extension for WindowsStandalone target not found
Refreshing native plugins compatible for Editor in 0.61 ms, found 1 plugins.
Preloading 0 native plugins for Editor in 0.00 ms.
Mono: successfully reloaded assembly
- Completed reload, in  1.634 seconds
Platform modules already initialized, skipping
Refreshing native plugins compatible for Editor in 0.55 ms, found 1 plugins.
Preloading 0 native plugins for Editor in 0.00 ms.
Unloading 2154 Unused Serialized files (Serialized files now loaded: 0)
System memory in use before: 106.4 MB.
System memory in use after: 106.6 MB.

Unloading 15 unused Assets to reduce memory usage. Loaded Objects now: 2949.
Total: 4.996469 ms (FindLiveObjects: 0.315829 ms CreateObjectMapping: 0.143722 ms MarkObjects: 4.508218 ms  DeleteObjects: 0.026686 ms)

========================================================================
Received Prepare
Registering precompiled user dll's ...
Registered in 0.004853 seconds.
Begin MonoManager ReloadAssembly
Native extension for LinuxStandalone target not found
Native extension for WindowsStandalone target not found
Refreshing native plugins compatible for Editor in 0.87 ms, found 1 plugins.
Preloading 0 native plugins for Editor in 0.00 ms.
Mono: successfully reloaded assembly
- Completed reload, in  3.518 seconds
Platform modules already initialized, skipping
Refreshing native plugins compatible for Editor in 0.83 ms, found 1 plugins.
Preloading 0 native plugins for Editor in 0.00 ms.
Unloading 2154 Unused Serialized files (Serialized files now loaded: 0)
System memory in use before: 106.4 MB.
System memory in use after: 106.6 MB.

Unloading 14 unused Assets to reduce memory usage. Loaded Objects now: 2954.
Total: 15.566399 ms (FindLiveObjects: 2.090665 ms CreateObjectMapping: 0.887521 ms MarkObjects: 12.510480 ms  DeleteObjects: 0.069692 ms)

========================================================================
Received Import Request.
  Time since last request: 1042.203895 seconds.
  path: Assets/Scenes/MainScene2.unity
  artifactKey: Guid(97d761529daf913809a9ba3736d07101) Importer(815301076,1909f56bfc062723c751e8b465ee728b)
Start importing Assets/Scenes/MainScene2.unity using Guid(97d761529daf913809a9ba3736d07101) Importer(815301076,1909f56bfc062723c751e8b465ee728b)  -> (artifact id: '19afd99538f56cc1e6983c6c8eb63d89') in 0.021314 seconds 
