Using pre-set license
Desktop is 1366 x 768 @ 60 Hz

 COMMAND LINE ARGUMENTS:
Unity
-adb2
-batchMode
-noUpm
-name
AssetImportWorker0
-projectPath
/home/rlubuntu/UnityGames/togetherFire
-logFile
Logs/AssetImportWorker0.log
-srvPort
37971
Successfully changed project path to: /home/rlubuntu/UnityGames/togetherFire
/home/rlubuntu/UnityGames/togetherFire
Using Asset Import Pipeline V2.
Refreshing native plugins compatible for Editor in 77.76 ms, found 1 plugins.
Preloading 0 native plugins for Editor in 0.00 ms.
Initialize engine version: 2021.1.4f1 (4cd64a618c1b)
[Subsystems] Discovering subsystems at path /home/mie/Unity/2021.1.4f1/Editor/Data/Resources/UnitySubsystems
[Subsystems] Discovering subsystems at path /home/rlubuntu/UnityGames/togetherFire/Assets
GLX Extensions: GLX_ARB_create_context GLX_ARB_create_context_no_error GLX_ARB_create_context_profile GLX_ARB_create_context_robustness GLX_ARB_fbconfig_float GLX_ARB_framebuffer_sRGB GLX_ARB_get_proc_address GLX_ARB_multisample GLX_EXT_buffer_age GLX_EXT_create_context_es2_profile GLX_EXT_create_context_es_profile GLX_EXT_fbconfig_packed_float GLX_EXT_framebuffer_sRGB GLX_EXT_import_context GLX_EXT_texture_from_pixmap GLX_EXT_visual_info GLX_EXT_visual_rating GLX_INTEL_swap_event GLX_MESA_copy_sub_buffer GLX_MESA_query_renderer GLX_MESA_swap_control GLX_OML_swap_method GLX_OML_sync_control GLX_SGIS_multisample GLX_SGIX_fbconfig GLX_SGIX_pbuffer GLX_SGIX_visual_select_group GLX_SGI_make_current_read GLX_SGI_swap_control GLX_SGI_video_sync 
Renderer: Mesa Intel(R) HD Graphics 620 (KBL GT2)
Vendor:   Intel
Version:  4.6 (Core Profile) Mesa 20.2.6
GLES:     0
 GL_3DFX_texture_compression_FXT1 GL_AMD_conservative_depth GL_AMD_depth_clamp_separate GL_AMD_draw_buffers_blend GL_AMD_gpu_shader_int64 GL_AMD_multi_draw_indirect GL_AMD_performance_monitor GL_AMD_pinned_memory GL_AMD_query_buffer_object GL_AMD_seamless_cubemap_per_texture GL_AMD_shader_stencil_export GL_AMD_shader_trinary_minmax GL_AMD_texture_texture4 GL_AMD_vertex_shader_layer GL_AMD_vertex_shader_viewport_index GL_ANGLE_texture_compression_dxt3 GL_ANGLE_texture_compression_dxt5 GL_ARB_ES2_compatibility GL_ARB_ES3_1_compatibility GL_ARB_ES3_2_compatibility GL_ARB_ES3_compatibility GL_ARB_arrays_of_arrays GL_ARB_base_instance GL_ARB_blend_func_extended GL_ARB_buffer_storage GL_ARB_clear_buffer_object GL_ARB_clear_texture GL_ARB_clip_control GL_ARB_compressed_texture_pixel_storage GL_ARB_compute_shader GL_ARB_compute_variable_group_size GL_ARB_conditional_render_inverted GL_ARB_conservative_depth GL_ARB_copy_buffer GL_ARB_copy_image GL_ARB_cull_distance GL_ARB_debug_output GL_ARB_depth_buffer_float GL_ARB
_depth_clamp GL_ARB_derivative_control GL_ARB_direct_state_access GL_ARB_draw_buffers GL_ARB_draw_buffers_blend GL_ARB_draw_elements_base_vertex GL_ARB_draw_indirect GL_ARB_draw_instanced GL_ARB_enhanced_layouts GL_ARB_explicit_attrib_location GL_ARB_explicit_uniform_location GL_ARB_fragment_coord_conventions GL_ARB_fragment_layer_viewport GL_ARB_fragment_shader GL_ARB_fragment_shader_interlock GL_ARB_framebuffer_no_attachments GL_ARB_framebuffer_object GL_ARB_framebuffer_sRGB GL_ARB_get_program_binary GL_ARB_get_texture_sub_image GL_ARB_gl_spirv GL_ARB_gpu_shader5 GL_ARB_gpu_shader_fp64 GL_ARB_gpu_shader_int64 GL_ARB_half_float_pixel GL_ARB_half_float_vertex GL_ARB_indirect_parameters GL_ARB_instanced_arrays GL_ARB_internalformat_query GL_ARB_internalformat_query2 GL_ARB_invalidate_subdata GL_ARB_map_buffer_alignment GL_ARB_map_buffer_range GL_ARB_multi_bind GL_ARB_multi_draw_indirect GL_ARB_occlusion_query2 GL_ARB_parallel_shader_compile GL_ARB_pipeline_statistics_query GL_ARB_pixel_buffer_object GL_ARB_po
int_sprite GL_ARB_polygon_offset_clamp GL_ARB_post_depth_coverage GL_ARB_program_interface_query GL_ARB_provoking_vertex GL_ARB_query_buffer_object GL_ARB_robust_buffer_access_behavior GL_ARB_robustness GL_ARB_sample_shading GL_ARB_sampler_objects GL_ARB_seamless_cube_map GL_ARB_seamless_cubemap_per_texture GL_ARB_separate_shader_objects GL_ARB_shader_atomic_counter_ops GL_ARB_shader_atomic_counters GL_ARB_shader_ballot GL_ARB_shader_bit_encoding GL_ARB_shader_clock GL_ARB_shader_draw_parameters GL_ARB_shader_group_vote GL_ARB_shader_image_load_store GL_ARB_shader_image_size GL_ARB_shader_objects GL_ARB_shader_precision GL_ARB_shader_stencil_export GL_ARB_shader_storage_buffer_object GL_ARB_shader_subroutine GL_ARB_shader_texture_image_samples GL_ARB_shader_texture_lod GL_ARB_shader_viewport_layer_array GL_ARB_shading_language_420pack GL_ARB_shading_language_include GL_ARB_shading_language_packing GL_ARB_spirv_extensions GL_ARB_stencil_texturing GL_ARB_sync GL_ARB_tessellation_shader GL_ARB_texture_barrier G
L_ARB_texture_buffer_object GL_ARB_texture_buffer_object_rgb32 GL_ARB_texture_buffer_range GL_ARB_texture_compression_bptc GL_ARB_texture_compression_rgtc GL_ARB_texture_cube_map_array GL_ARB_texture_filter_anisotropic GL_ARB_texture_float GL_ARB_texture_gather GL_ARB_texture_mirror_clamp_to_edge GL_ARB_texture_multisample GL_ARB_texture_non_power_of_two GL_ARB_texture_query_levels GL_ARB_texture_query_lod GL_ARB_texture_rectangle GL_ARB_texture_rg GL_ARB_texture_rgb10_a2ui GL_ARB_texture_stencil8 GL_ARB_texture_storage GL_ARB_texture_storage_multisample GL_ARB_texture_swizzle GL_ARB_texture_view GL_ARB_timer_query GL_ARB_transform_feedback2 GL_ARB_transform_feedback3 GL_ARB_transform_feedback_instanced GL_ARB_transform_feedback_overflow_query GL_ARB_uniform_buffer_object GL_ARB_vertex_array_bgra GL_ARB_vertex_array_object GL_ARB_vertex_attrib_64bit GL_ARB_vertex_attrib_binding GL_ARB_vertex_buffer_object GL_ARB_vertex_shader GL_ARB_vertex_type_10f_11f_11f_rev GL_ARB_vertex_type_2_10_10_10_rev GL_ARB_viewpor
t_array GL_ATI_blend_equation_separate GL_ATI_texture_float GL_EXT_EGL_image_storage GL_EXT_EGL_sync GL_EXT_abgr GL_EXT_blend_equation_separate GL_EXT_demote_to_helper_invocation GL_EXT_draw_buffers2 GL_EXT_draw_instanced GL_EXT_framebuffer_blit GL_EXT_framebuffer_multisample GL_EXT_framebuffer_multisample_blit_scaled GL_EXT_framebuffer_object GL_EXT_framebuffer_sRGB GL_EXT_packed_depth_stencil GL_EXT_packed_float GL_EXT_pixel_buffer_object GL_EXT_polygon_offset_clamp GL_EXT_provoking_vertex GL_EXT_shader_framebuffer_fetch GL_EXT_shader_framebuffer_fetch_non_coherent GL_EXT_shader_integer_mix GL_EXT_shader_samples_identical GL_EXT_texture_array GL_EXT_texture_compression_dxt1 GL_EXT_texture_compression_rgtc GL_EXT_texture_compression_s3tc GL_EXT_texture_filter_anisotropic GL_EXT_texture_integer GL_EXT_texture_sRGB GL_EXT_texture_sRGB_R8 GL_EXT_texture_sRGB_decode GL_EXT_texture_shadow_lod GL_EXT_texture_shared_exponent GL_EXT_texture_snorm GL_EXT_texture_swizzle GL_EXT_timer_query GL_EXT_transform_feedback G
L_EXT_vertex_array_bgra GL_EXT_vertex_attrib_64bit GL_IBM_multimode_draw_arrays GL_INTEL_blackhole_render GL_INTEL_conservative_rasterization GL_INTEL_performance_query GL_INTEL_shader_atomic_float_minmax GL_INTEL_shader_integer_functions2 GL_KHR_blend_equation_advanced GL_KHR_blend_equation_advanced_coherent GL_KHR_context_flush_control GL_KHR_debug GL_KHR_no_error GL_KHR_parallel_shader_compile GL_KHR_robust_buffer_access_behavior GL_KHR_robustness GL_KHR_texture_compression_astc_ldr GL_KHR_texture_compression_astc_sliced_3d GL_MESA_framebuffer_flip_y GL_MESA_pack_invert GL_MESA_shader_integer_functions GL_MESA_texture_signed_rgba GL_NV_compute_shader_derivatives GL_NV_conditional_render GL_NV_copy_image GL_NV_depth_clamp GL_NV_fragment_shader_interlock GL_NV_packed_depth_stencil GL_NV_texture_barrier GL_OES_EGL_image GL_S3_s3tc
OPENGL LOG: Creating OpenGL 4.6 graphics device ; Context level  <OpenGL 4.5> ; Context handle 1759347184
Initialize mono
Mono path[0] = '/home/mie/Unity/2021.1.4f1/Editor/Data/Managed'
Mono path[1] = '/home/mie/Unity/2021.1.4f1/Editor/Data/MonoBleedingEdge/lib/mono/unityjit'
Mono config path = '/home/mie/Unity/2021.1.4f1/Editor/Data/MonoBleedingEdge/etc'
Using monoOptions --debugger-agent=transport=dt_socket,embedding=1,server=y,suspend=n,address=127.0.0.1:56917
Begin MonoManager ReloadAssembly
Registering precompiled unity dll's ...
Register platform support module: /home/mie/Unity/2021.1.4f1/Editor/Data/PlaybackEngines/WindowsStandaloneSupport/UnityEditor.WindowsStandalone.Extensions.dll
Register platform support module: /home/mie/Unity/2021.1.4f1/Editor/Data/PlaybackEngines/LinuxStandaloneSupport/UnityEditor.LinuxStandalone.Extensions.dll
Registered in 0.003106 seconds.
Native extension for LinuxStandalone target not found
Native extension for WindowsStandalone target not found
Refreshing native plugins compatible for Editor in 88.10 ms, found 1 plugins.
Preloading 0 native plugins for Editor in 0.00 ms.
Mono: successfully reloaded assembly
- Completed reload, in  3.276 seconds
Platform modules already initialized, skipping
Registering precompiled user dll's ...
Registered in 0.005818 seconds.
Begin MonoManager ReloadAssembly
Native extension for LinuxStandalone target not found
Native extension for WindowsStandalone target not found
Refreshing native plugins compatible for Editor in 97.13 ms, found 1 plugins.
Preloading 0 native plugins for Editor in 0.00 ms.
Mono: successfully reloaded assembly
- Completed reload, in  4.084 seconds
Platform modules already initialized, skipping
========================================================================
Worker process is ready to serve import requests
Launched and connected shader compiler UnityShaderCompiler after 0.03 seconds
Refreshing native plugins compatible for Editor in 0.61 ms, found 1 plugins.
Preloading 0 native plugins for Editor in 0.00 ms.
Unloading 2185 Unused Serialized files (Serialized files now loaded: 0)
System memory in use before: 100.4 MB.
System memory in use after: 100.6 MB.

Unloading 24 unused Assets to reduce memory usage. Loaded Objects now: 2650.
Total: 6.979414 ms (FindLiveObjects: 0.385195 ms CreateObjectMapping: 0.195801 ms MarkObjects: 6.277754 ms  DeleteObjects: 0.117662 ms)

========================================================================
Received Import Request.
  path: Assets/Prefabs/Grenade.prefab
  artifactKey: Guid(6e093c73b040efd6a9f0e633307e4cc3) Importer(815301076,1909f56bfc062723c751e8b465ee728b)
Start importing Assets/Prefabs/Grenade.prefab using Guid(6e093c73b040efd6a9f0e633307e4cc3) Importer(815301076,1909f56bfc062723c751e8b465ee728b)  -> (artifact id: '75b7952db8598ab442fe05ae703056e6') in 0.324596 seconds 
========================================================================
Received Import Request.
  Time since last request: 0.000347 seconds.
  path: Assets/Prefabs/GrenadePS.prefab
  artifactKey: Guid(0a2d1920ee609510195ff4039be8dbcd) Importer(815301076,1909f56bfc062723c751e8b465ee728b)
Start importing Assets/Prefabs/GrenadePS.prefab using Guid(0a2d1920ee609510195ff4039be8dbcd) Importer(815301076,1909f56bfc062723c751e8b465ee728b)  -> (artifact id: 'f9ffe6df6eb2eb9a001bc83ed7ed3512') in 0.005209 seconds 
========================================================================
Received Import Request.
  Time since last request: 21.834865 seconds.
  path: Assets/Prefabs/GrenadePS.prefab
  artifactKey: Guid(0a2d1920ee609510195ff4039be8dbcd) Importer(815301076,1909f56bfc062723c751e8b465ee728b)
Start importing Assets/Prefabs/GrenadePS.prefab using Guid(0a2d1920ee609510195ff4039be8dbcd) Importer(815301076,1909f56bfc062723c751e8b465ee728b)  -> (artifact id: 'de0adf9d757c1b471ba37e226dbd2c4d') in 0.005741 seconds 
========================================================================
Received Import Request.
  Time since last request: 10.595254 seconds.
  path: Assets/Prefabs/GrenadePS.prefab
  artifactKey: Guid(0a2d1920ee609510195ff4039be8dbcd) Importer(815301076,1909f56bfc062723c751e8b465ee728b)
Start importing Assets/Prefabs/GrenadePS.prefab using Guid(0a2d1920ee609510195ff4039be8dbcd) Importer(815301076,1909f56bfc062723c751e8b465ee728b)  -> (artifact id: 'a7980e0ea20db11d2aa8b38a49f83a06') in 0.004352 seconds 
========================================================================
Received Import Request.
  Time since last request: 10.320356 seconds.
  path: Assets/Prefabs/GrenadePS.prefab
  artifactKey: Guid(0a2d1920ee609510195ff4039be8dbcd) Importer(815301076,1909f56bfc062723c751e8b465ee728b)
Start importing Assets/Prefabs/GrenadePS.prefab using Guid(0a2d1920ee609510195ff4039be8dbcd) Importer(815301076,1909f56bfc062723c751e8b465ee728b)  -> (artifact id: '4daea44fdc3a0f133e5549b14026f7ac') in 0.005133 seconds 
========================================================================
Received Import Request.
  Time since last request: 7.790058 seconds.
  path: Assets/Prefabs/GrenadePS.prefab
  artifactKey: Guid(0a2d1920ee609510195ff4039be8dbcd) Importer(815301076,1909f56bfc062723c751e8b465ee728b)
Start importing Assets/Prefabs/GrenadePS.prefab using Guid(0a2d1920ee609510195ff4039be8dbcd) Importer(815301076,1909f56bfc062723c751e8b465ee728b)  -> (artifact id: '10f0f2cae372b46cbcee470e118ff061') in 0.005015 seconds 
========================================================================
Received Import Request.
  Time since last request: 12.478956 seconds.
  path: Assets/Prefabs/Grenade.prefab
  artifactKey: Guid(6e093c73b040efd6a9f0e633307e4cc3) Importer(815301076,1909f56bfc062723c751e8b465ee728b)
Start importing Assets/Prefabs/Grenade.prefab using Guid(6e093c73b040efd6a9f0e633307e4cc3) Importer(815301076,1909f56bfc062723c751e8b465ee728b)  -> (artifact id: '9b6e3bc8f94153c62a83242a6e4bb637') in 0.031816 seconds 
========================================================================
Received Prepare
Registering precompiled user dll's ...
Registered in 0.004191 seconds.
Begin MonoManager ReloadAssembly
Native extension for LinuxStandalone target not found
Native extension for WindowsStandalone target not found
Refreshing native plugins compatible for Editor in 1.01 ms, found 1 plugins.
Preloading 0 native plugins for Editor in 0.00 ms.
Mono: successfully reloaded assembly
- Completed reload, in  2.626 seconds
Platform modules already initialized, skipping
Refreshing native plugins compatible for Editor in 0.95 ms, found 1 plugins.
Preloading 0 native plugins for Editor in 0.00 ms.
Unloading 2161 Unused Serialized files (Serialized files now loaded: 0)
System memory in use before: 100.1 MB.
System memory in use after: 100.2 MB.

Unloading 14 unused Assets to reduce memory usage. Loaded Objects now: 2662.
Total: 7.527328 ms (FindLiveObjects: 0.359867 ms CreateObjectMapping: 0.199561 ms MarkObjects: 6.934240 ms  DeleteObjects: 0.031398 ms)

========================================================================
Received Import Request.
  Time since last request: 12.667129 seconds.
  path: Assets/Prefabs/Grenade.prefab
  artifactKey: Guid(6e093c73b040efd6a9f0e633307e4cc3) Importer(815301076,1909f56bfc062723c751e8b465ee728b)
Start importing Assets/Prefabs/Grenade.prefab using Guid(6e093c73b040efd6a9f0e633307e4cc3) Importer(815301076,1909f56bfc062723c751e8b465ee728b)  -> (artifact id: '646b3b4906ef8ab3ded5e4dc27de293a') in 0.266600 seconds 
========================================================================
Received Import Request.
  Time since last request: 94.607378 seconds.
  path: Assets/Prefabs/Square.prefab
  artifactKey: Guid(0d6351722154c895fb5958b8e18e5b60) Importer(815301076,1909f56bfc062723c751e8b465ee728b)
Start importing Assets/Prefabs/Square.prefab using Guid(0d6351722154c895fb5958b8e18e5b60) Importer(815301076,1909f56bfc062723c751e8b465ee728b)  -> (artifact id: '148683dbb415e75eeb893df24087226d') in 0.010115 seconds 
========================================================================
Received Import Request.
  Time since last request: 13.604409 seconds.
  path: Assets/Prefabs/Grenade.prefab
  artifactKey: Guid(6e093c73b040efd6a9f0e633307e4cc3) Importer(815301076,1909f56bfc062723c751e8b465ee728b)
Start importing Assets/Prefabs/Grenade.prefab using Guid(6e093c73b040efd6a9f0e633307e4cc3) Importer(815301076,1909f56bfc062723c751e8b465ee728b)  -> (artifact id: '8d8237393cfb01b51ce3c8624930f7be') in 0.033557 seconds 
========================================================================
Received Import Request.
  Time since last request: 2.517097 seconds.
  path: Assets/Prefabs/Grenade.prefab
  artifactKey: Guid(6e093c73b040efd6a9f0e633307e4cc3) Importer(815301076,1909f56bfc062723c751e8b465ee728b)
Start importing Assets/Prefabs/Grenade.prefab using Guid(6e093c73b040efd6a9f0e633307e4cc3) Importer(815301076,1909f56bfc062723c751e8b465ee728b)  -> (artifact id: 'f3904a9bd8c9d2cfa26463d2cbbb80bd') in 0.032395 seconds 
========================================================================
Received Prepare
Registering precompiled user dll's ...
Registered in 0.004053 seconds.
Begin MonoManager ReloadAssembly
Native extension for LinuxStandalone target not found
Native extension for WindowsStandalone target not found
Refreshing native plugins compatible for Editor in 0.52 ms, found 1 plugins.
Preloading 0 native plugins for Editor in 0.00 ms.
Mono: successfully reloaded assembly
- Completed reload, in  1.602 seconds
Platform modules already initialized, skipping
Refreshing native plugins compatible for Editor in 0.55 ms, found 1 plugins.
Preloading 0 native plugins for Editor in 0.00 ms.
Unloading 2161 Unused Serialized files (Serialized files now loaded: 0)
System memory in use before: 100.2 MB.
System memory in use after: 100.3 MB.

Unloading 14 unused Assets to reduce memory usage. Loaded Objects now: 2668.
Total: 4.645713 ms (FindLiveObjects: 0.287751 ms CreateObjectMapping: 0.143211 ms MarkObjects: 4.187729 ms  DeleteObjects: 0.025293 ms)

========================================================================
Received Prepare
Registering precompiled user dll's ...
Registered in 0.004440 seconds.
Begin MonoManager ReloadAssembly
Native extension for LinuxStandalone target not found
Native extension for WindowsStandalone target not found
Refreshing native plugins compatible for Editor in 0.57 ms, found 1 plugins.
Preloading 0 native plugins for Editor in 0.00 ms.
Mono: successfully reloaded assembly
- Completed reload, in  1.600 seconds
Platform modules already initialized, skipping
Refreshing native plugins compatible for Editor in 0.55 ms, found 1 plugins.
Preloading 0 native plugins for Editor in 0.00 ms.
Unloading 2161 Unused Serialized files (Serialized files now loaded: 0)
System memory in use before: 100.2 MB.
System memory in use after: 100.3 MB.

Unloading 14 unused Assets to reduce memory usage. Loaded Objects now: 2673.
Total: 4.362107 ms (FindLiveObjects: 0.230314 ms CreateObjectMapping: 0.122282 ms MarkObjects: 3.983252 ms  DeleteObjects: 0.024686 ms)

========================================================================
Received Prepare
Registering precompiled user dll's ...
Registered in 0.004839 seconds.
Begin MonoManager ReloadAssembly
Native extension for LinuxStandalone target not found
Native extension for WindowsStandalone target not found
Refreshing native plugins compatible for Editor in 0.57 ms, found 1 plugins.
Preloading 0 native plugins for Editor in 0.00 ms.
Mono: successfully reloaded assembly
- Completed reload, in  2.580 seconds
Platform modules already initialized, skipping
Refreshing native plugins compatible for Editor in 0.97 ms, found 1 plugins.
Preloading 0 native plugins for Editor in 0.00 ms.
Unloading 2161 Unused Serialized files (Serialized files now loaded: 0)
System memory in use before: 100.2 MB.
System memory in use after: 100.3 MB.

Unloading 14 unused Assets to reduce memory usage. Loaded Objects now: 2678.
Total: 7.581496 ms (FindLiveObjects: 0.623396 ms CreateObjectMapping: 0.507183 ms MarkObjects: 6.416080 ms  DeleteObjects: 0.031305 ms)

========================================================================
Received Import Request.
  Time since last request: 126.045493 seconds.
  path: Assets/Prefabs/Grenade.prefab
  artifactKey: Guid(6e093c73b040efd6a9f0e633307e4cc3) Importer(815301076,1909f56bfc062723c751e8b465ee728b)
Start importing Assets/Prefabs/Grenade.prefab using Guid(6e093c73b040efd6a9f0e633307e4cc3) Importer(815301076,1909f56bfc062723c751e8b465ee728b)  -> (artifact id: 'c335f467939330a7f366d63a575c7d95') in 0.169267 seconds 
========================================================================
Received Prepare
Registering precompiled user dll's ...
Registered in 0.003840 seconds.
Begin MonoManager ReloadAssembly
Native extension for LinuxStandalone target not found
Native extension for WindowsStandalone target not found
Refreshing native plugins compatible for Editor in 0.70 ms, found 1 plugins.
Preloading 0 native plugins for Editor in 0.00 ms.
Mono: successfully reloaded assembly
- Completed reload, in  2.475 seconds
Platform modules already initialized, skipping
Refreshing native plugins compatible for Editor in 0.85 ms, found 1 plugins.
Preloading 0 native plugins for Editor in 0.00 ms.
Unloading 2161 Unused Serialized files (Serialized files now loaded: 0)
System memory in use before: 100.2 MB.
System memory in use after: 100.3 MB.

Unloading 14 unused Assets to reduce memory usage. Loaded Objects now: 2684.
Total: 6.926964 ms (FindLiveObjects: 0.460347 ms CreateObjectMapping: 0.342664 ms MarkObjects: 6.085069 ms  DeleteObjects: 0.036037 ms)

========================================================================
Received Prepare
Registering precompiled user dll's ...
Registered in 0.003139 seconds.
Begin MonoManager ReloadAssembly
Native extension for LinuxStandalone target not found
Native extension for WindowsStandalone target not found
Refreshing native plugins compatible for Editor in 0.88 ms, found 1 plugins.
Preloading 0 native plugins for Editor in 0.00 ms.
Mono: successfully reloaded assembly
- Completed reload, in  2.900 seconds
Platform modules already initialized, skipping
Refreshing native plugins compatible for Editor in 0.56 ms, found 1 plugins.
Preloading 0 native plugins for Editor in 0.00 ms.
Unloading 2161 Unused Serialized files (Serialized files now loaded: 0)
System memory in use before: 100.2 MB.
System memory in use after: 100.3 MB.

Unloading 14 unused Assets to reduce memory usage. Loaded Objects now: 2689.
Total: 7.223236 ms (FindLiveObjects: 0.601320 ms CreateObjectMapping: 0.643208 ms MarkObjects: 5.932781 ms  DeleteObjects: 0.041877 ms)

========================================================================
Received Import Request.
  Time since last request: 619.013647 seconds.
  path: Assets/Prefabs/Grenade.prefab
  artifactKey: Guid(6e093c73b040efd6a9f0e633307e4cc3) Importer(815301076,1909f56bfc062723c751e8b465ee728b)
Start importing Assets/Prefabs/Grenade.prefab using Guid(6e093c73b040efd6a9f0e633307e4cc3) Importer(815301076,1909f56bfc062723c751e8b465ee728b)  -> (artifact id: '74ee5da7fdf1ff41bc988c281e41b49f') in 0.205258 seconds 
========================================================================
Received Prepare
Registering precompiled user dll's ...
Registered in 0.004525 seconds.
Begin MonoManager ReloadAssembly
Native extension for LinuxStandalone target not found
Native extension for WindowsStandalone target not found
Refreshing native plugins compatible for Editor in 0.66 ms, found 1 plugins.
Preloading 0 native plugins for Editor in 0.00 ms.
Mono: successfully reloaded assembly
- Completed reload, in  2.327 seconds
Platform modules already initialized, skipping
Refreshing native plugins compatible for Editor in 0.83 ms, found 1 plugins.
Preloading 0 native plugins for Editor in 0.00 ms.
Unloading 2161 Unused Serialized files (Serialized files now loaded: 0)
System memory in use before: 100.2 MB.
System memory in use after: 100.4 MB.

Unloading 14 unused Assets to reduce memory usage. Loaded Objects now: 2695.
Total: 7.341649 ms (FindLiveObjects: 0.607765 ms CreateObjectMapping: 0.449576 ms MarkObjects: 6.250814 ms  DeleteObjects: 0.030761 ms)

========================================================================
Received Prepare
Registering precompiled user dll's ...
Registered in 0.003555 seconds.
Begin MonoManager ReloadAssembly
Native extension for LinuxStandalone target not found
Native extension for WindowsStandalone target not found
Refreshing native plugins compatible for Editor in 0.53 ms, found 1 plugins.
Preloading 0 native plugins for Editor in 0.00 ms.
Mono: successfully reloaded assembly
- Completed reload, in  1.601 seconds
Platform modules already initialized, skipping
Refreshing native plugins compatible for Editor in 0.56 ms, found 1 plugins.
Preloading 0 native plugins for Editor in 0.00 ms.
Unloading 2161 Unused Serialized files (Serialized files now loaded: 0)
System memory in use before: 100.3 MB.
System memory in use after: 100.4 MB.

Unloading 14 unused Assets to reduce memory usage. Loaded Objects now: 2700.
Total: 4.470611 ms (FindLiveObjects: 0.246372 ms CreateObjectMapping: 0.143355 ms MarkObjects: 4.052115 ms  DeleteObjects: 0.027190 ms)

========================================================================
Received Prepare
Registering precompiled user dll's ...
Registered in 0.004244 seconds.
Begin MonoManager ReloadAssembly
Native extension for LinuxStandalone target not found
Native extension for WindowsStandalone target not found
Refreshing native plugins compatible for Editor in 0.87 ms, found 1 plugins.
Preloading 0 native plugins for Editor in 0.00 ms.
Mono: successfully reloaded assembly
- Completed reload, in  2.528 seconds
Platform modules already initialized, skipping
Refreshing native plugins compatible for Editor in 1.33 ms, found 1 plugins.
Preloading 0 native plugins for Editor in 0.00 ms.
Unloading 2161 Unused Serialized files (Serialized files now loaded: 0)
System memory in use before: 100.3 MB.
System memory in use after: 100.4 MB.

Unloading 14 unused Assets to reduce memory usage. Loaded Objects now: 2705.
Total: 7.731260 ms (FindLiveObjects: 0.383037 ms CreateObjectMapping: 0.221968 ms MarkObjects: 7.063871 ms  DeleteObjects: 0.058729 ms)

========================================================================
Received Prepare
Registering precompiled user dll's ...
Registered in 0.004209 seconds.
Begin MonoManager ReloadAssembly
Native extension for LinuxStandalone target not found
Native extension for WindowsStandalone target not found
Refreshing native plugins compatible for Editor in 0.52 ms, found 1 plugins.
Preloading 0 native plugins for Editor in 0.00 ms.
Mono: successfully reloaded assembly
- Completed reload, in  2.063 seconds
Platform modules already initialized, skipping
Refreshing native plugins compatible for Editor in 0.52 ms, found 1 plugins.
Preloading 0 native plugins for Editor in 0.00 ms.
Unloading 2161 Unused Serialized files (Serialized files now loaded: 0)
System memory in use before: 100.3 MB.
System memory in use after: 100.4 MB.

Unloading 14 unused Assets to reduce memory usage. Loaded Objects now: 2710.
Total: 5.475396 ms (FindLiveObjects: 0.475615 ms CreateObjectMapping: 0.224161 ms MarkObjects: 4.746641 ms  DeleteObjects: 0.026808 ms)

========================================================================
Received Prepare
Registering precompiled user dll's ...
Registered in 0.005086 seconds.
Begin MonoManager ReloadAssembly
Native extension for LinuxStandalone target not found
Native extension for WindowsStandalone target not found
Refreshing native plugins compatible for Editor in 0.59 ms, found 1 plugins.
Preloading 0 native plugins for Editor in 0.00 ms.
Mono: successfully reloaded assembly
- Completed reload, in  1.718 seconds
Platform modules already initialized, skipping
Refreshing native plugins compatible for Editor in 0.55 ms, found 1 plugins.
Preloading 0 native plugins for Editor in 0.00 ms.
Unloading 2161 Unused Serialized files (Serialized files now loaded: 0)
System memory in use before: 100.4 MB.
System memory in use after: 100.5 MB.

Unloading 14 unused Assets to reduce memory usage. Loaded Objects now: 2715.
Total: 5.139984 ms (FindLiveObjects: 0.584752 ms CreateObjectMapping: 0.174123 ms MarkObjects: 4.354874 ms  DeleteObjects: 0.024134 ms)

========================================================================
Received Prepare
Registering precompiled user dll's ...
Registered in 0.003700 seconds.
Begin MonoManager ReloadAssembly
Native extension for LinuxStandalone target not found
Native extension for WindowsStandalone target not found
Refreshing native plugins compatible for Editor in 0.52 ms, found 1 plugins.
Preloading 0 native plugins for Editor in 0.00 ms.
Mono: successfully reloaded assembly
- Completed reload, in  1.624 seconds
Platform modules already initialized, skipping
Refreshing native plugins compatible for Editor in 0.60 ms, found 1 plugins.
Preloading 0 native plugins for Editor in 0.00 ms.
Unloading 2161 Unused Serialized files (Serialized files now loaded: 0)
System memory in use before: 100.4 MB.
System memory in use after: 100.5 MB.

Unloading 14 unused Assets to reduce memory usage. Loaded Objects now: 2720.
Total: 4.606177 ms (FindLiveObjects: 0.289847 ms CreateObjectMapping: 0.146130 ms MarkObjects: 4.145436 ms  DeleteObjects: 0.023115 ms)

========================================================================
Received Prepare
Registering precompiled user dll's ...
Registered in 0.002989 seconds.
Begin MonoManager ReloadAssembly
Native extension for LinuxStandalone target not found
Native extension for WindowsStandalone target not found
Refreshing native plugins compatible for Editor in 0.84 ms, found 1 plugins.
Preloading 0 native plugins for Editor in 0.00 ms.
Mono: successfully reloaded assembly
- Completed reload, in  2.614 seconds
Platform modules already initialized, skipping
Refreshing native plugins compatible for Editor in 0.66 ms, found 1 plugins.
Preloading 0 native plugins for Editor in 0.00 ms.
Unloading 2161 Unused Serialized files (Serialized files now loaded: 0)
System memory in use before: 100.4 MB.
System memory in use after: 100.6 MB.

Unloading 14 unused Assets to reduce memory usage. Loaded Objects now: 2725.
Total: 6.602965 ms (FindLiveObjects: 0.425959 ms CreateObjectMapping: 0.200928 ms MarkObjects: 5.928575 ms  DeleteObjects: 0.043887 ms)

========================================================================
Received Prepare
Registering precompiled user dll's ...
Registered in 0.003422 seconds.
Begin MonoManager ReloadAssembly
Native extension for LinuxStandalone target not found
Native extension for WindowsStandalone target not found
Refreshing native plugins compatible for Editor in 0.52 ms, found 1 plugins.
Preloading 0 native plugins for Editor in 0.00 ms.
Mono: successfully reloaded assembly
- Completed reload, in  1.564 seconds
Platform modules already initialized, skipping
Refreshing native plugins compatible for Editor in 0.56 ms, found 1 plugins.
Preloading 0 native plugins for Editor in 0.00 ms.
Unloading 2161 Unused Serialized files (Serialized files now loaded: 0)
System memory in use before: 100.4 MB.
System memory in use after: 100.6 MB.

Unloading 14 unused Assets to reduce memory usage. Loaded Objects now: 2730.
Total: 4.673639 ms (FindLiveObjects: 0.266324 ms CreateObjectMapping: 0.144660 ms MarkObjects: 4.236416 ms  DeleteObjects: 0.024608 ms)

========================================================================
Received Prepare
Registering precompiled user dll's ...
Registered in 0.004440 seconds.
Begin MonoManager ReloadAssembly
Native extension for LinuxStandalone target not found
Native extension for WindowsStandalone target not found
Refreshing native plugins compatible for Editor in 0.71 ms, found 1 plugins.
Preloading 0 native plugins for Editor in 0.00 ms.
Mono: successfully reloaded assembly
- Completed reload, in  2.368 seconds
Platform modules already initialized, skipping
Refreshing native plugins compatible for Editor in 0.54 ms, found 1 plugins.
Preloading 0 native plugins for Editor in 0.00 ms.
Unloading 2161 Unused Serialized files (Serialized files now loaded: 0)
System memory in use before: 100.4 MB.
System memory in use after: 100.6 MB.

Unloading 14 unused Assets to reduce memory usage. Loaded Objects now: 2735.
Total: 5.037677 ms (FindLiveObjects: 0.318868 ms CreateObjectMapping: 0.224882 ms MarkObjects: 4.467972 ms  DeleteObjects: 0.024485 ms)

========================================================================
Received Prepare
Registering precompiled user dll's ...
Registered in 0.004131 seconds.
Begin MonoManager ReloadAssembly
Native extension for LinuxStandalone target not found
Native extension for WindowsStandalone target not found
Refreshing native plugins compatible for Editor in 0.52 ms, found 1 plugins.
Preloading 0 native plugins for Editor in 0.00 ms.
Mono: successfully reloaded assembly
- Completed reload, in  2.001 seconds
Platform modules already initialized, skipping
Refreshing native plugins compatible for Editor in 0.57 ms, found 1 plugins.
Preloading 0 native plugins for Editor in 0.00 ms.
Unloading 2161 Unused Serialized files (Serialized files now loaded: 0)
System memory in use before: 100.4 MB.
System memory in use after: 100.6 MB.

Unloading 14 unused Assets to reduce memory usage. Loaded Objects now: 2740.
Total: 4.544587 ms (FindLiveObjects: 0.265518 ms CreateObjectMapping: 0.144166 ms MarkObjects: 4.109791 ms  DeleteObjects: 0.023586 ms)

========================================================================
Received Prepare
Registering precompiled user dll's ...
Registered in 0.004365 seconds.
Begin MonoManager ReloadAssembly
Native extension for LinuxStandalone target not found
Native extension for WindowsStandalone target not found
Refreshing native plugins compatible for Editor in 1.03 ms, found 1 plugins.
Preloading 0 native plugins for Editor in 0.00 ms.
Mono: successfully reloaded assembly
- Completed reload, in  2.452 seconds
Platform modules already initialized, skipping
Refreshing native plugins compatible for Editor in 1.17 ms, found 1 plugins.
Preloading 0 native plugins for Editor in 0.00 ms.
Unloading 2161 Unused Serialized files (Serialized files now loaded: 0)
System memory in use before: 100.4 MB.
System memory in use after: 100.6 MB.

Unloading 14 unused Assets to reduce memory usage. Loaded Objects now: 2745.
Total: 8.126099 ms (FindLiveObjects: 0.595071 ms CreateObjectMapping: 0.443838 ms MarkObjects: 7.049623 ms  DeleteObjects: 0.034551 ms)

========================================================================
Received Prepare
Registering precompiled user dll's ...
Registered in 0.004771 seconds.
Begin MonoManager ReloadAssembly
Native extension for LinuxStandalone target not found
Native extension for WindowsStandalone target not found
Refreshing native plugins compatible for Editor in 0.52 ms, found 1 plugins.
Preloading 0 native plugins for Editor in 0.00 ms.
Mono: successfully reloaded assembly
- Completed reload, in  1.624 seconds
Platform modules already initialized, skipping
Refreshing native plugins compatible for Editor in 0.72 ms, found 1 plugins.
Preloading 0 native plugins for Editor in 0.00 ms.
Unloading 2161 Unused Serialized files (Serialized files now loaded: 0)
System memory in use before: 100.4 MB.
System memory in use after: 100.6 MB.

Unloading 14 unused Assets to reduce memory usage. Loaded Objects now: 2750.
Total: 4.913970 ms (FindLiveObjects: 0.383164 ms CreateObjectMapping: 0.201809 ms MarkObjects: 4.304008 ms  DeleteObjects: 0.023271 ms)

========================================================================
Received Prepare
Registering precompiled user dll's ...
Registered in 0.003800 seconds.
Begin MonoManager ReloadAssembly
Native extension for LinuxStandalone target not found
Native extension for WindowsStandalone target not found
Refreshing native plugins compatible for Editor in 1.20 ms, found 1 plugins.
Preloading 0 native plugins for Editor in 0.00 ms.
Mono: successfully reloaded assembly
- Completed reload, in  2.745 seconds
Platform modules already initialized, skipping
Refreshing native plugins compatible for Editor in 0.88 ms, found 1 plugins.
Preloading 0 native plugins for Editor in 0.00 ms.
Unloading 2161 Unused Serialized files (Serialized files now loaded: 0)
System memory in use before: 100.4 MB.
System memory in use after: 100.7 MB.

Unloading 14 unused Assets to reduce memory usage. Loaded Objects now: 2755.
Total: 10.606949 ms (FindLiveObjects: 0.783339 ms CreateObjectMapping: 0.558718 ms MarkObjects: 9.228078 ms  DeleteObjects: 0.033521 ms)

========================================================================
Received Prepare
Registering precompiled user dll's ...
Registered in 0.004201 seconds.
Begin MonoManager ReloadAssembly
Native extension for LinuxStandalone target not found
Native extension for WindowsStandalone target not found
Refreshing native plugins compatible for Editor in 0.85 ms, found 1 plugins.
Preloading 0 native plugins for Editor in 0.00 ms.
Mono: successfully reloaded assembly
- Completed reload, in  2.444 seconds
Platform modules already initialized, skipping
Refreshing native plugins compatible for Editor in 0.68 ms, found 1 plugins.
Preloading 0 native plugins for Editor in 0.00 ms.
Unloading 2161 Unused Serialized files (Serialized files now loaded: 0)
System memory in use before: 100.4 MB.
System memory in use after: 100.7 MB.

Unloading 14 unused Assets to reduce memory usage. Loaded Objects now: 2760.
Total: 8.331224 ms (FindLiveObjects: 0.760385 ms CreateObjectMapping: 0.710368 ms MarkObjects: 6.828362 ms  DeleteObjects: 0.027109 ms)

========================================================================
Received Import Request.
  Time since last request: 2808.013814 seconds.
  path: Assets/Scenes/mofi.unity
  artifactKey: Guid(a9f774702e2bff735baecc0c8c8c872e) Importer(815301076,1909f56bfc062723c751e8b465ee728b)
Start importing Assets/Scenes/mofi.unity using Guid(a9f774702e2bff735baecc0c8c8c872e) Importer(815301076,1909f56bfc062723c751e8b465ee728b)  -> (artifact id: '3cb7c86b06b1faa88b8292d9c3951bd2') in 0.017080 seconds 
========================================================================
Received Prepare
Registering precompiled user dll's ...
Registered in 0.004730 seconds.
Begin MonoManager ReloadAssembly
Native extension for LinuxStandalone target not found
Native extension for WindowsStandalone target not found
Refreshing native plugins compatible for Editor in 0.57 ms, found 1 plugins.
Preloading 0 native plugins for Editor in 0.00 ms.
Mono: successfully reloaded assembly
- Completed reload, in  1.719 seconds
Platform modules already initialized, skipping
Refreshing native plugins compatible for Editor in 0.60 ms, found 1 plugins.
Preloading 0 native plugins for Editor in 0.00 ms.
Unloading 2161 Unused Serialized files (Serialized files now loaded: 0)
System memory in use before: 100.5 MB.
System memory in use after: 100.7 MB.

Unloading 14 unused Assets to reduce memory usage. Loaded Objects now: 2765.
Total: 5.732314 ms (FindLiveObjects: 0.321918 ms CreateObjectMapping: 0.142555 ms MarkObjects: 5.232352 ms  DeleteObjects: 0.033525 ms)

========================================================================
Received Prepare
Registering precompiled user dll's ...
Registered in 0.004336 seconds.
Begin MonoManager ReloadAssembly
Native extension for LinuxStandalone target not found
Native extension for WindowsStandalone target not found
Refreshing native plugins compatible for Editor in 0.55 ms, found 1 plugins.
Preloading 0 native plugins for Editor in 0.00 ms.
Mono: successfully reloaded assembly
- Completed reload, in  2.529 seconds
Platform modules already initialized, skipping
Refreshing native plugins compatible for Editor in 0.62 ms, found 1 plugins.
Preloading 0 native plugins for Editor in 0.00 ms.
Unloading 2161 Unused Serialized files (Serialized files now loaded: 0)
System memory in use before: 100.5 MB.
System memory in use after: 100.7 MB.

Unloading 14 unused Assets to reduce memory usage. Loaded Objects now: 2770.
Total: 6.299363 ms (FindLiveObjects: 0.597916 ms CreateObjectMapping: 0.279605 ms MarkObjects: 5.383473 ms  DeleteObjects: 0.034341 ms)

========================================================================
Received Prepare
Registering precompiled user dll's ...
Registered in 0.003096 seconds.
Begin MonoManager ReloadAssembly
Native extension for LinuxStandalone target not found
Native extension for WindowsStandalone target not found
Refreshing native plugins compatible for Editor in 0.55 ms, found 1 plugins.
Preloading 0 native plugins for Editor in 0.00 ms.
Mono: successfully reloaded assembly
- Completed reload, in  1.964 seconds
Platform modules already initialized, skipping
Refreshing native plugins compatible for Editor in 0.58 ms, found 1 plugins.
Preloading 0 native plugins for Editor in 0.00 ms.
Unloading 2161 Unused Serialized files (Serialized files now loaded: 0)
System memory in use before: 100.5 MB.
System memory in use after: 100.7 MB.

Unloading 14 unused Assets to reduce memory usage. Loaded Objects now: 2775.
Total: 4.636193 ms (FindLiveObjects: 0.272351 ms CreateObjectMapping: 0.149947 ms MarkObjects: 4.189406 ms  DeleteObjects: 0.022876 ms)

========================================================================
Received Prepare
Registering precompiled user dll's ...
Registered in 0.003187 seconds.
Begin MonoManager ReloadAssembly
Native extension for LinuxStandalone target not found
Native extension for WindowsStandalone target not found
Refreshing native plugins compatible for Editor in 0.68 ms, found 1 plugins.
Preloading 0 native plugins for Editor in 0.00 ms.
Mono: successfully reloaded assembly
- Completed reload, in  1.605 seconds
Platform modules already initialized, skipping
Refreshing native plugins compatible for Editor in 0.52 ms, found 1 plugins.
Preloading 0 native plugins for Editor in 0.00 ms.
Unloading 2161 Unused Serialized files (Serialized files now loaded: 0)
System memory in use before: 100.5 MB.
System memory in use after: 100.7 MB.

Unloading 14 unused Assets to reduce memory usage. Loaded Objects now: 2780.
Total: 5.241003 ms (FindLiveObjects: 0.422697 ms CreateObjectMapping: 0.217757 ms MarkObjects: 4.574006 ms  DeleteObjects: 0.024483 ms)

========================================================================
Received Prepare
Registering precompiled user dll's ...
Registered in 0.004200 seconds.
Begin MonoManager ReloadAssembly
Native extension for LinuxStandalone target not found
Native extension for WindowsStandalone target not found
Refreshing native plugins compatible for Editor in 0.86 ms, found 1 plugins.
Preloading 0 native plugins for Editor in 0.00 ms.
Mono: successfully reloaded assembly
- Completed reload, in  2.719 seconds
Platform modules already initialized, skipping
Refreshing native plugins compatible for Editor in 0.87 ms, found 1 plugins.
Preloading 0 native plugins for Editor in 0.00 ms.
Unloading 2161 Unused Serialized files (Serialized files now loaded: 0)
System memory in use before: 100.5 MB.
System memory in use after: 100.7 MB.

Unloading 14 unused Assets to reduce memory usage. Loaded Objects now: 2785.
Total: 7.017158 ms (FindLiveObjects: 0.625004 ms CreateObjectMapping: 0.318645 ms MarkObjects: 6.039327 ms  DeleteObjects: 0.031340 ms)

========================================================================
Received Prepare
Registering precompiled user dll's ...
Registered in 0.004347 seconds.
Begin MonoManager ReloadAssembly
Native extension for LinuxStandalone target not found
Native extension for WindowsStandalone target not found
Refreshing native plugins compatible for Editor in 0.84 ms, found 1 plugins.
Preloading 0 native plugins for Editor in 0.00 ms.
Mono: successfully reloaded assembly
- Completed reload, in  1.883 seconds
Platform modules already initialized, skipping
Refreshing native plugins compatible for Editor in 0.53 ms, found 1 plugins.
Preloading 0 native plugins for Editor in 0.00 ms.
Unloading 2161 Unused Serialized files (Serialized files now loaded: 0)
System memory in use before: 100.5 MB.
System memory in use after: 100.7 MB.

Unloading 14 unused Assets to reduce memory usage. Loaded Objects now: 2790.
Total: 4.827055 ms (FindLiveObjects: 0.325543 ms CreateObjectMapping: 0.154118 ms MarkObjects: 4.321444 ms  DeleteObjects: 0.024127 ms)

========================================================================
Received Prepare
Registering precompiled user dll's ...
Registered in 0.002963 seconds.
Begin MonoManager ReloadAssembly
Native extension for LinuxStandalone target not found
Native extension for WindowsStandalone target not found
Refreshing native plugins compatible for Editor in 1.03 ms, found 1 plugins.
Preloading 0 native plugins for Editor in 0.00 ms.
Mono: successfully reloaded assembly
- Completed reload, in  2.674 seconds
Platform modules already initialized, skipping
Refreshing native plugins compatible for Editor in 1.11 ms, found 1 plugins.
Preloading 0 native plugins for Editor in 0.00 ms.
Unloading 2161 Unused Serialized files (Serialized files now loaded: 0)
System memory in use before: 100.5 MB.
System memory in use after: 100.7 MB.

Unloading 14 unused Assets to reduce memory usage. Loaded Objects now: 2795.
Total: 7.491030 ms (FindLiveObjects: 0.749619 ms CreateObjectMapping: 0.361265 ms MarkObjects: 6.339444 ms  DeleteObjects: 0.036026 ms)

========================================================================
Received Prepare
Registering precompiled user dll's ...
Registered in 0.004027 seconds.
Begin MonoManager ReloadAssembly
Native extension for LinuxStandalone target not found
Native extension for WindowsStandalone target not found
Refreshing native plugins compatible for Editor in 0.53 ms, found 1 plugins.
Preloading 0 native plugins for Editor in 0.00 ms.
Mono: successfully reloaded assembly
- Completed reload, in  1.576 seconds
Platform modules already initialized, skipping
Refreshing native plugins compatible for Editor in 0.56 ms, found 1 plugins.
Preloading 0 native plugins for Editor in 0.00 ms.
Unloading 2161 Unused Serialized files (Serialized files now loaded: 0)
System memory in use before: 100.5 MB.
System memory in use after: 100.7 MB.

Unloading 14 unused Assets to reduce memory usage. Loaded Objects now: 2800.
Total: 4.774811 ms (FindLiveObjects: 0.328481 ms CreateObjectMapping: 0.191595 ms MarkObjects: 4.228740 ms  DeleteObjects: 0.024070 ms)

========================================================================
Received Prepare
Registering precompiled user dll's ...
Registered in 0.004244 seconds.
Begin MonoManager ReloadAssembly
Native extension for LinuxStandalone target not found
Native extension for WindowsStandalone target not found
Refreshing native plugins compatible for Editor in 0.53 ms, found 1 plugins.
Preloading 0 native plugins for Editor in 0.00 ms.
Mono: successfully reloaded assembly
- Completed reload, in  1.611 seconds
Platform modules already initialized, skipping
Refreshing native plugins compatible for Editor in 0.55 ms, found 1 plugins.
Preloading 0 native plugins for Editor in 0.00 ms.
Unloading 2161 Unused Serialized files (Serialized files now loaded: 0)
System memory in use before: 100.5 MB.
System memory in use after: 100.7 MB.

Unloading 14 unused Assets to reduce memory usage. Loaded Objects now: 2805.
Total: 4.679733 ms (FindLiveObjects: 0.314990 ms CreateObjectMapping: 0.148558 ms MarkObjects: 4.190790 ms  DeleteObjects: 0.023789 ms)

========================================================================
Received Prepare
Registering precompiled user dll's ...
Registered in 0.005062 seconds.
Begin MonoManager ReloadAssembly
Native extension for LinuxStandalone target not found
Native extension for WindowsStandalone target not found
Refreshing native plugins compatible for Editor in 0.56 ms, found 1 plugins.
Preloading 0 native plugins for Editor in 0.00 ms.
Mono: successfully reloaded assembly
- Completed reload, in  2.570 seconds
Platform modules already initialized, skipping
Refreshing native plugins compatible for Editor in 0.66 ms, found 1 plugins.
Preloading 0 native plugins for Editor in 0.00 ms.
Unloading 2161 Unused Serialized files (Serialized files now loaded: 0)
System memory in use before: 100.6 MB.
System memory in use after: 100.8 MB.

Unloading 14 unused Assets to reduce memory usage. Loaded Objects now: 2810.
Total: 8.530328 ms (FindLiveObjects: 0.429868 ms CreateObjectMapping: 0.269006 ms MarkObjects: 7.717644 ms  DeleteObjects: 0.109135 ms)

========================================================================
Received Import Request.
  Time since last request: 383.130295 seconds.
  path: Assets/Prefabs/MachineGun.prefab
  artifactKey: Guid(217a18fc65f04f236938d8649e40ddab) Importer(815301076,1909f56bfc062723c751e8b465ee728b)
Start importing Assets/Prefabs/MachineGun.prefab using Guid(217a18fc65f04f236938d8649e40ddab) Importer(815301076,1909f56bfc062723c751e8b465ee728b)  -> (artifact id: '7c7c722c8ef5ef15a05d7cb39d8f7a40') in 0.247871 seconds 
========================================================================
Received Import Request.
  Time since last request: 0.000245 seconds.
  path: Assets/Prefabs/Pistol.prefab
  artifactKey: Guid(a9105a24aea50cc65b99c80973d189d9) Importer(815301076,1909f56bfc062723c751e8b465ee728b)
Start importing Assets/Prefabs/Pistol.prefab using Guid(a9105a24aea50cc65b99c80973d189d9) Importer(815301076,1909f56bfc062723c751e8b465ee728b)  -> (artifact id: 'e807a623e3303497951b86caf14d0c85') in 0.037833 seconds 
========================================================================
Received Import Request.
  Time since last request: 15.207185 seconds.
  path: Assets/Prefabs/Pistol.prefab
  artifactKey: Guid(a9105a24aea50cc65b99c80973d189d9) Importer(815301076,1909f56bfc062723c751e8b465ee728b)
Start importing Assets/Prefabs/Pistol.prefab using Guid(a9105a24aea50cc65b99c80973d189d9) Importer(815301076,1909f56bfc062723c751e8b465ee728b)  -> (artifact id: '0d339e3c01cbb4d7490239d4126f40a0') in 0.043504 seconds 
========================================================================
Received Import Request.
  Time since last request: 22.620871 seconds.
  path: Assets/Prefabs/Pistol.prefab
  artifactKey: Guid(a9105a24aea50cc65b99c80973d189d9) Importer(815301076,1909f56bfc062723c751e8b465ee728b)
Start importing Assets/Prefabs/Pistol.prefab using Guid(a9105a24aea50cc65b99c80973d189d9) Importer(815301076,1909f56bfc062723c751e8b465ee728b)  -> (artifact id: '8550e2944ee2a056c2e96312290c267c') in 0.029944 seconds 
========================================================================
Received Import Request.
  Time since last request: 34.050757 seconds.
  path: Assets/Prefabs/Pistol.prefab
  artifactKey: Guid(a9105a24aea50cc65b99c80973d189d9) Importer(815301076,1909f56bfc062723c751e8b465ee728b)
Start importing Assets/Prefabs/Pistol.prefab using Guid(a9105a24aea50cc65b99c80973d189d9) Importer(815301076,1909f56bfc062723c751e8b465ee728b)  -> (artifact id: 'a614ee08faac441b9b7e58a372fe0fd4') in 0.043055 seconds 
========================================================================
Received Import Request.
  Time since last request: 1.051279 seconds.
  path: Assets/Prefabs/Pistol.prefab
  artifactKey: Guid(a9105a24aea50cc65b99c80973d189d9) Importer(815301076,1909f56bfc062723c751e8b465ee728b)
Start importing Assets/Prefabs/Pistol.prefab using Guid(a9105a24aea50cc65b99c80973d189d9) Importer(815301076,1909f56bfc062723c751e8b465ee728b)  -> (artifact id: '7f7aa945d83b29c4b3ffc2018cc52f47') in 0.030455 seconds 
========================================================================
Received Import Request.
  Time since last request: 3.160143 seconds.
  path: Assets/Prefabs/Pistol.prefab
  artifactKey: Guid(a9105a24aea50cc65b99c80973d189d9) Importer(815301076,1909f56bfc062723c751e8b465ee728b)
Start importing Assets/Prefabs/Pistol.prefab using Guid(a9105a24aea50cc65b99c80973d189d9) Importer(815301076,1909f56bfc062723c751e8b465ee728b)  -> (artifact id: '864845973a34305ab3832158797f1f9c') in 0.041356 seconds 
========================================================================
Received Import Request.
  Time since last request: 83.331675 seconds.
  path: Assets/Prefabs/Pistol.prefab
  artifactKey: Guid(a9105a24aea50cc65b99c80973d189d9) Importer(815301076,1909f56bfc062723c751e8b465ee728b)
Start importing Assets/Prefabs/Pistol.prefab using Guid(a9105a24aea50cc65b99c80973d189d9) Importer(815301076,1909f56bfc062723c751e8b465ee728b)  -> (artifact id: 'aba9dae4db6f48424e46334fb8784503') in 0.031350 seconds 
========================================================================
Received Import Request.
  Time since last request: 124.903218 seconds.
  path: Assets/Prefabs/Pistol.prefab
  artifactKey: Guid(a9105a24aea50cc65b99c80973d189d9) Importer(815301076,1909f56bfc062723c751e8b465ee728b)
Start importing Assets/Prefabs/Pistol.prefab using Guid(a9105a24aea50cc65b99c80973d189d9) Importer(815301076,1909f56bfc062723c751e8b465ee728b)  -> (artifact id: 'c133ddd56a4869936814d41f6734d06f') in 0.031835 seconds 
========================================================================
Received Import Request.
  Time since last request: 83.707413 seconds.
  path: Assets/Prefabs/Pistol.prefab
  artifactKey: Guid(a9105a24aea50cc65b99c80973d189d9) Importer(815301076,1909f56bfc062723c751e8b465ee728b)
Start importing Assets/Prefabs/Pistol.prefab using Guid(a9105a24aea50cc65b99c80973d189d9) Importer(815301076,1909f56bfc062723c751e8b465ee728b)  -> (artifact id: '00f653aafe48df107966e818c82d804b') in 0.031183 seconds 
========================================================================
Received Import Request.
  Time since last request: 3.772576 seconds.
  path: Assets/Prefabs/Pistol.prefab
  artifactKey: Guid(a9105a24aea50cc65b99c80973d189d9) Importer(815301076,1909f56bfc062723c751e8b465ee728b)
Start importing Assets/Prefabs/Pistol.prefab using Guid(a9105a24aea50cc65b99c80973d189d9) Importer(815301076,1909f56bfc062723c751e8b465ee728b)  -> (artifact id: '049d7ff47af44bf89688ad9afd31e21a') in 0.030440 seconds 
========================================================================
Received Import Request.
  Time since last request: 22.160550 seconds.
  path: Assets/Prefabs/Pistol.prefab
  artifactKey: Guid(a9105a24aea50cc65b99c80973d189d9) Importer(815301076,1909f56bfc062723c751e8b465ee728b)
Start importing Assets/Prefabs/Pistol.prefab using Guid(a9105a24aea50cc65b99c80973d189d9) Importer(815301076,1909f56bfc062723c751e8b465ee728b)  -> (artifact id: 'a2594b1059f96249f8730c3752030fe1') in 0.032525 seconds 
========================================================================
Received Import Request.
  Time since last request: 4.850461 seconds.
  path: Assets/Prefabs/Pistol.prefab
  artifactKey: Guid(a9105a24aea50cc65b99c80973d189d9) Importer(815301076,1909f56bfc062723c751e8b465ee728b)
Start importing Assets/Prefabs/Pistol.prefab using Guid(a9105a24aea50cc65b99c80973d189d9) Importer(815301076,1909f56bfc062723c751e8b465ee728b)  -> (artifact id: '174dde1d21070dd8c08063979f26936f') in 0.031291 seconds 
========================================================================
Received Import Request.
  Time since last request: 1.274022 seconds.
  path: Assets/Prefabs/Pistol.prefab
  artifactKey: Guid(a9105a24aea50cc65b99c80973d189d9) Importer(815301076,1909f56bfc062723c751e8b465ee728b)
Start importing Assets/Prefabs/Pistol.prefab using Guid(a9105a24aea50cc65b99c80973d189d9) Importer(815301076,1909f56bfc062723c751e8b465ee728b)  -> (artifact id: '43d74391baf50e6fa3b698a34d1186f0') in 0.030594 seconds 
========================================================================
Received Import Request.
  Time since last request: 19.418123 seconds.
  path: Assets/Prefabs/Pistol.prefab
  artifactKey: Guid(a9105a24aea50cc65b99c80973d189d9) Importer(815301076,1909f56bfc062723c751e8b465ee728b)
Start importing Assets/Prefabs/Pistol.prefab using Guid(a9105a24aea50cc65b99c80973d189d9) Importer(815301076,1909f56bfc062723c751e8b465ee728b)  -> (artifact id: 'aced17f4ac95b4d89db06b7a6182d374') in 0.030704 seconds 
========================================================================
Received Import Request.
  Time since last request: 29.508618 seconds.
  path: Assets/Prefabs/Pistol.prefab
  artifactKey: Guid(a9105a24aea50cc65b99c80973d189d9) Importer(815301076,1909f56bfc062723c751e8b465ee728b)
Start importing Assets/Prefabs/Pistol.prefab using Guid(a9105a24aea50cc65b99c80973d189d9) Importer(815301076,1909f56bfc062723c751e8b465ee728b)  -> (artifact id: '048c611ebf46ef3de3745bea526ebab6') in 0.030346 seconds 
========================================================================
Received Import Request.
  Time since last request: 1.006161 seconds.
  path: Assets/Prefabs/Pistol.prefab
  artifactKey: Guid(a9105a24aea50cc65b99c80973d189d9) Importer(815301076,1909f56bfc062723c751e8b465ee728b)
Start importing Assets/Prefabs/Pistol.prefab using Guid(a9105a24aea50cc65b99c80973d189d9) Importer(815301076,1909f56bfc062723c751e8b465ee728b)  -> (artifact id: '75610b0f2ddf82e96d14d261a3e6dd1f') in 0.042007 seconds 
========================================================================
Received Import Request.
  Time since last request: 3.558475 seconds.
  path: Assets/Prefabs/Pistol.prefab
  artifactKey: Guid(a9105a24aea50cc65b99c80973d189d9) Importer(815301076,1909f56bfc062723c751e8b465ee728b)
Start importing Assets/Prefabs/Pistol.prefab using Guid(a9105a24aea50cc65b99c80973d189d9) Importer(815301076,1909f56bfc062723c751e8b465ee728b)  -> (artifact id: 'c371b46f470254ce7052fd4b1a242e76') in 0.034685 seconds 
========================================================================
Received Import Request.
  Time since last request: 27.928153 seconds.
  path: Assets/Prefabs/MachineGun.prefab
  artifactKey: Guid(217a18fc65f04f236938d8649e40ddab) Importer(815301076,1909f56bfc062723c751e8b465ee728b)
Start importing Assets/Prefabs/MachineGun.prefab using Guid(217a18fc65f04f236938d8649e40ddab) Importer(815301076,1909f56bfc062723c751e8b465ee728b)  -> (artifact id: '4ab59715e5dcd13b4e57e5161cb031df') in 0.031434 seconds 
========================================================================
Received Import Request.
  Time since last request: 31.661716 seconds.
  path: Assets/Prefabs/MachineGun.prefab
  artifactKey: Guid(217a18fc65f04f236938d8649e40ddab) Importer(815301076,1909f56bfc062723c751e8b465ee728b)
Start importing Assets/Prefabs/MachineGun.prefab using Guid(217a18fc65f04f236938d8649e40ddab) Importer(815301076,1909f56bfc062723c751e8b465ee728b)  -> (artifact id: 'daf63e95415c4fcd5f0293f5977bd059') in 0.031006 seconds 
========================================================================
Received Import Request.
  Time since last request: 44.311722 seconds.
  path: Assets/Prefabs/MachineGun.prefab
  artifactKey: Guid(217a18fc65f04f236938d8649e40ddab) Importer(815301076,1909f56bfc062723c751e8b465ee728b)
Start importing Assets/Prefabs/MachineGun.prefab using Guid(217a18fc65f04f236938d8649e40ddab) Importer(815301076,1909f56bfc062723c751e8b465ee728b)  -> (artifact id: '3c93efec717b5d009b4688439477751b') in 0.042041 seconds 
========================================================================
Received Import Request.
  Time since last request: 10.999953 seconds.
  path: Assets/Prefabs/Pistol.prefab
  artifactKey: Guid(a9105a24aea50cc65b99c80973d189d9) Importer(815301076,1909f56bfc062723c751e8b465ee728b)
Start importing Assets/Prefabs/Pistol.prefab using Guid(a9105a24aea50cc65b99c80973d189d9) Importer(815301076,1909f56bfc062723c751e8b465ee728b)  -> (artifact id: '3418469e73b528ae818d17e0c5e7e209') in 0.046106 seconds 
========================================================================
Received Import Request.
  Time since last request: 26.776183 seconds.
  path: Assets/Prefabs/MachineGun.prefab
  artifactKey: Guid(217a18fc65f04f236938d8649e40ddab) Importer(815301076,1909f56bfc062723c751e8b465ee728b)
Start importing Assets/Prefabs/MachineGun.prefab using Guid(217a18fc65f04f236938d8649e40ddab) Importer(815301076,1909f56bfc062723c751e8b465ee728b)  -> (artifact id: '5624bb98e42fd2305c6554dd1d9c5a9b') in 0.030387 seconds 
========================================================================
Received Import Request.
  Time since last request: 1.511274 seconds.
  path: Assets/Prefabs/MachineGun.prefab
  artifactKey: Guid(217a18fc65f04f236938d8649e40ddab) Importer(815301076,1909f56bfc062723c751e8b465ee728b)
Start importing Assets/Prefabs/MachineGun.prefab using Guid(217a18fc65f04f236938d8649e40ddab) Importer(815301076,1909f56bfc062723c751e8b465ee728b)  -> (artifact id: 'fa4d985214aacc111d0429999ab5b230') in 0.032293 seconds 
========================================================================
Received Import Request.
  Time since last request: 32.095699 seconds.
  path: Assets/Prefabs/MachineGun.prefab
  artifactKey: Guid(217a18fc65f04f236938d8649e40ddab) Importer(815301076,1909f56bfc062723c751e8b465ee728b)
Start importing Assets/Prefabs/MachineGun.prefab using Guid(217a18fc65f04f236938d8649e40ddab) Importer(815301076,1909f56bfc062723c751e8b465ee728b)  -> (artifact id: '41f76936b2d071e2da4c149fae52c1a3') in 0.038780 seconds 
========================================================================
Received Import Request.
  Time since last request: 27.507440 seconds.
  path: Assets/Prefabs/MachineGun.prefab
  artifactKey: Guid(217a18fc65f04f236938d8649e40ddab) Importer(815301076,1909f56bfc062723c751e8b465ee728b)
Start importing Assets/Prefabs/MachineGun.prefab using Guid(217a18fc65f04f236938d8649e40ddab) Importer(815301076,1909f56bfc062723c751e8b465ee728b)  -> (artifact id: 'dee3234838ce59d93f7ccd2c5562a86a') in 0.033661 seconds 
========================================================================
Received Import Request.
  Time since last request: 25.044535 seconds.
  path: Assets/Prefabs/MachineGun.prefab
  artifactKey: Guid(217a18fc65f04f236938d8649e40ddab) Importer(815301076,1909f56bfc062723c751e8b465ee728b)
Start importing Assets/Prefabs/MachineGun.prefab using Guid(217a18fc65f04f236938d8649e40ddab) Importer(815301076,1909f56bfc062723c751e8b465ee728b)  -> (artifact id: 'f92177c744c4cd98f0473064d34863dc') in 0.030326 seconds 
========================================================================
Received Prepare
Registering precompiled user dll's ...
Registered in 0.003822 seconds.
Begin MonoManager ReloadAssembly
Native extension for LinuxStandalone target not found
Native extension for WindowsStandalone target not found
Refreshing native plugins compatible for Editor in 0.87 ms, found 1 plugins.
Preloading 0 native plugins for Editor in 0.00 ms.
Mono: successfully reloaded assembly
- Completed reload, in  1.773 seconds
Platform modules already initialized, skipping
Refreshing native plugins compatible for Editor in 0.52 ms, found 1 plugins.
Preloading 0 native plugins for Editor in 0.00 ms.
Unloading 2161 Unused Serialized files (Serialized files now loaded: 0)
System memory in use before: 100.7 MB.
System memory in use after: 100.9 MB.

Unloading 14 unused Assets to reduce memory usage. Loaded Objects now: 2816.
Total: 5.059485 ms (FindLiveObjects: 0.352677 ms CreateObjectMapping: 0.248928 ms MarkObjects: 4.430312 ms  DeleteObjects: 0.025649 ms)

========================================================================
Received Import Request.
  Time since last request: 67.188879 seconds.
  path: Assets/Prefabs/MachineGun.prefab
  artifactKey: Guid(217a18fc65f04f236938d8649e40ddab) Importer(815301076,1909f56bfc062723c751e8b465ee728b)
Start importing Assets/Prefabs/MachineGun.prefab using Guid(217a18fc65f04f236938d8649e40ddab) Importer(815301076,1909f56bfc062723c751e8b465ee728b)  -> (artifact id: 'e3daa01d48d68863ff62a2dad749895f') in 0.164903 seconds 
========================================================================
Received Prepare
Registering precompiled user dll's ...
Registered in 0.003003 seconds.
Begin MonoManager ReloadAssembly
Native extension for LinuxStandalone target not found
Native extension for WindowsStandalone target not found
Refreshing native plugins compatible for Editor in 0.61 ms, found 1 plugins.
Preloading 0 native plugins for Editor in 0.00 ms.
Mono: successfully reloaded assembly
- Completed reload, in  2.445 seconds
Platform modules already initialized, skipping
Refreshing native plugins compatible for Editor in 0.87 ms, found 1 plugins.
Preloading 0 native plugins for Editor in 0.00 ms.
Unloading 2161 Unused Serialized files (Serialized files now loaded: 0)
System memory in use before: 100.7 MB.
System memory in use after: 100.9 MB.

Unloading 14 unused Assets to reduce memory usage. Loaded Objects now: 2822.
Total: 8.183131 ms (FindLiveObjects: 0.627329 ms CreateObjectMapping: 0.336566 ms MarkObjects: 7.163957 ms  DeleteObjects: 0.051471 ms)

========================================================================
Received Import Request.
  Time since last request: 65.977850 seconds.
  path: Assets/Prefabs/MachineGun.prefab
  artifactKey: Guid(217a18fc65f04f236938d8649e40ddab) Importer(815301076,1909f56bfc062723c751e8b465ee728b)
Start importing Assets/Prefabs/MachineGun.prefab using Guid(217a18fc65f04f236938d8649e40ddab) Importer(815301076,1909f56bfc062723c751e8b465ee728b)  -> (artifact id: '547d690f4bf276371b9f02a7601a127f') in 0.206718 seconds 
========================================================================
Received Prepare
Registering precompiled user dll's ...
Registered in 0.004373 seconds.
Begin MonoManager ReloadAssembly
Native extension for LinuxStandalone target not found
Native extension for WindowsStandalone target not found
Refreshing native plugins compatible for Editor in 0.52 ms, found 1 plugins.
Preloading 0 native plugins for Editor in 0.00 ms.
Mono: successfully reloaded assembly
- Completed reload, in  1.901 seconds
Platform modules already initialized, skipping
Refreshing native plugins compatible for Editor in 0.82 ms, found 1 plugins.
Preloading 0 native plugins for Editor in 0.00 ms.
Unloading 2161 Unused Serialized files (Serialized files now loaded: 0)
System memory in use before: 100.7 MB.
System memory in use after: 100.9 MB.

Unloading 14 unused Assets to reduce memory usage. Loaded Objects now: 2828.
Total: 5.935132 ms (FindLiveObjects: 0.342945 ms CreateObjectMapping: 0.195966 ms MarkObjects: 5.357472 ms  DeleteObjects: 0.036855 ms)

========================================================================
Received Import Request.
  Time since last request: 77.040292 seconds.
  path: Assets/Prefabs/Pistol.prefab
  artifactKey: Guid(a9105a24aea50cc65b99c80973d189d9) Importer(815301076,1909f56bfc062723c751e8b465ee728b)
Start importing Assets/Prefabs/Pistol.prefab using Guid(a9105a24aea50cc65b99c80973d189d9) Importer(815301076,1909f56bfc062723c751e8b465ee728b)  -> (artifact id: '893c6612177baa20f18baaf0d833835c') in 0.168710 seconds 
========================================================================
Received Import Request.
  Time since last request: 0.000246 seconds.
  path: Assets/Prefabs/MachineGun.prefab
  artifactKey: Guid(217a18fc65f04f236938d8649e40ddab) Importer(815301076,1909f56bfc062723c751e8b465ee728b)
Start importing Assets/Prefabs/MachineGun.prefab using Guid(217a18fc65f04f236938d8649e40ddab) Importer(815301076,1909f56bfc062723c751e8b465ee728b)  -> (artifact id: 'bbfb8af947fd1ad48559e2fc949d21fa') in 0.030960 seconds 
========================================================================
Received Import Request.
  Time since last request: 1.086075 seconds.
  path: Assets/Prefabs/Pistol.prefab
  artifactKey: Guid(a9105a24aea50cc65b99c80973d189d9) Importer(815301076,1909f56bfc062723c751e8b465ee728b)
Start importing Assets/Prefabs/Pistol.prefab using Guid(a9105a24aea50cc65b99c80973d189d9) Importer(815301076,1909f56bfc062723c751e8b465ee728b)  -> (artifact id: 'f1ef35d0d0344e0327fbb273965ef8fd') in 0.030300 seconds 
========================================================================
Received Prepare
Registering precompiled user dll's ...
Registered in 0.004946 seconds.
Begin MonoManager ReloadAssembly
Native extension for LinuxStandalone target not found
Native extension for WindowsStandalone target not found
Refreshing native plugins compatible for Editor in 0.85 ms, found 1 plugins.
Preloading 0 native plugins for Editor in 0.00 ms.
Mono: successfully reloaded assembly
- Completed reload, in  2.614 seconds
Platform modules already initialized, skipping
Refreshing native plugins compatible for Editor in 0.88 ms, found 1 plugins.
Preloading 0 native plugins for Editor in 0.00 ms.
Unloading 2161 Unused Serialized files (Serialized files now loaded: 0)
System memory in use before: 100.7 MB.
System memory in use after: 100.9 MB.

Unloading 14 unused Assets to reduce memory usage. Loaded Objects now: 2834.
Total: 7.511784 ms (FindLiveObjects: 0.503852 ms CreateObjectMapping: 0.361186 ms MarkObjects: 6.581911 ms  DeleteObjects: 0.060819 ms)

========================================================================
Received Prepare
Registering precompiled user dll's ...
Registered in 0.004217 seconds.
Begin MonoManager ReloadAssembly
Native extension for LinuxStandalone target not found
Native extension for WindowsStandalone target not found
Refreshing native plugins compatible for Editor in 0.70 ms, found 1 plugins.
Preloading 0 native plugins for Editor in 0.00 ms.
Mono: successfully reloaded assembly
- Completed reload, in  1.798 seconds
Platform modules already initialized, skipping
Refreshing native plugins compatible for Editor in 0.54 ms, found 1 plugins.
Preloading 0 native plugins for Editor in 0.00 ms.
Unloading 2161 Unused Serialized files (Serialized files now loaded: 0)
System memory in use before: 100.7 MB.
System memory in use after: 100.9 MB.

Unloading 14 unused Assets to reduce memory usage. Loaded Objects now: 2839.
Total: 6.394228 ms (FindLiveObjects: 0.425130 ms CreateObjectMapping: 0.205480 ms MarkObjects: 5.724790 ms  DeleteObjects: 0.034929 ms)

========================================================================
Received Import Request.
  Time since last request: 450.874690 seconds.
  path: Assets/Prefabs/CirclePistol.prefab
  artifactKey: Guid(cee144249dbb0a5a0b576de72d4828c7) Importer(815301076,1909f56bfc062723c751e8b465ee728b)
Start importing Assets/Prefabs/CirclePistol.prefab using Guid(cee144249dbb0a5a0b576de72d4828c7) Importer(815301076,1909f56bfc062723c751e8b465ee728b)  -> (artifact id: '1eaf5857f119aa02fc672940a8498a35') in 0.183452 seconds 
========================================================================
Received Import Request.
  Time since last request: 8.862494 seconds.
  path: Assets/Sprites/10e0b1dc9c.png
  artifactKey: Guid(7507043552d864607900f8468ff37d5c) Importer(815301076,1909f56bfc062723c751e8b465ee728b)
Start importing Assets/Sprites/10e0b1dc9c.png using Guid(7507043552d864607900f8468ff37d5c) Importer(815301076,1909f56bfc062723c751e8b465ee728b)  -> (artifact id: 'd0b82882bb3ff8c4a6c95a086df37160') in 0.040407 seconds 
========================================================================
Received Import Request.
  Time since last request: 47.919823 seconds.
  path: Assets/Prefabs/CirclePistol.prefab
  artifactKey: Guid(cee144249dbb0a5a0b576de72d4828c7) Importer(815301076,1909f56bfc062723c751e8b465ee728b)
Start importing Assets/Prefabs/CirclePistol.prefab using Guid(cee144249dbb0a5a0b576de72d4828c7) Importer(815301076,1909f56bfc062723c751e8b465ee728b)  -> (artifact id: 'b7b1ced539019b07f0e084d8d172e1d7') in 0.040947 seconds 
========================================================================
Received Import Request.
  Time since last request: 9.399516 seconds.
  path: Assets/Prefabs/CirclePistol.prefab
  artifactKey: Guid(cee144249dbb0a5a0b576de72d4828c7) Importer(815301076,1909f56bfc062723c751e8b465ee728b)
Start importing Assets/Prefabs/CirclePistol.prefab using Guid(cee144249dbb0a5a0b576de72d4828c7) Importer(815301076,1909f56bfc062723c751e8b465ee728b)  -> (artifact id: '71b01f5e47b372838288dd47f9b08775') in 0.037699 seconds 
========================================================================
Received Prepare
Registering precompiled user dll's ...
Registered in 0.004189 seconds.
Begin MonoManager ReloadAssembly
Native extension for LinuxStandalone target not found
Native extension for WindowsStandalone target not found
Refreshing native plugins compatible for Editor in 0.53 ms, found 1 plugins.
Preloading 0 native plugins for Editor in 0.00 ms.
Mono: successfully reloaded assembly
- Completed reload, in  1.940 seconds
Platform modules already initialized, skipping
Refreshing native plugins compatible for Editor in 0.58 ms, found 1 plugins.
Preloading 0 native plugins for Editor in 0.00 ms.
Unloading 2162 Unused Serialized files (Serialized files now loaded: 0)
System memory in use before: 101.5 MB.
System memory in use after: 101.7 MB.

Unloading 14 unused Assets to reduce memory usage. Loaded Objects now: 2862.
Total: 4.727225 ms (FindLiveObjects: 0.310940 ms CreateObjectMapping: 0.184181 ms MarkObjects: 4.208649 ms  DeleteObjects: 0.022064 ms)

========================================================================
Received Import Request.
  Time since last request: 40.951105 seconds.
  path: Assets/Prefabs/CirclePistol.prefab
  artifactKey: Guid(cee144249dbb0a5a0b576de72d4828c7) Importer(815301076,1909f56bfc062723c751e8b465ee728b)
Start importing Assets/Prefabs/CirclePistol.prefab using Guid(cee144249dbb0a5a0b576de72d4828c7) Importer(815301076,1909f56bfc062723c751e8b465ee728b)  -> (artifact id: '29392bc082d39224002b1905094f7d89') in 0.214663 seconds 
========================================================================
Received Import Request.
  Time since last request: 1.447808 seconds.
  path: Assets/Prefabs/CirclePistol.prefab
  artifactKey: Guid(cee144249dbb0a5a0b576de72d4828c7) Importer(815301076,1909f56bfc062723c751e8b465ee728b)
Start importing Assets/Prefabs/CirclePistol.prefab using Guid(cee144249dbb0a5a0b576de72d4828c7) Importer(815301076,1909f56bfc062723c751e8b465ee728b)  -> (artifact id: '7d292a6a60e9391306dd87291bd0b4b0') in 0.047027 seconds 
========================================================================
Received Import Request.
  Time since last request: 4.880160 seconds.
  path: Assets/Prefabs/CirclePistol.prefab
  artifactKey: Guid(cee144249dbb0a5a0b576de72d4828c7) Importer(815301076,1909f56bfc062723c751e8b465ee728b)
Start importing Assets/Prefabs/CirclePistol.prefab using Guid(cee144249dbb0a5a0b576de72d4828c7) Importer(815301076,1909f56bfc062723c751e8b465ee728b)  -> (artifact id: 'ab49c57499144db45d0d20c5587f270b') in 0.038430 seconds 
========================================================================
Received Prepare
Registering precompiled user dll's ...
Registered in 0.004347 seconds.
Begin MonoManager ReloadAssembly
Native extension for LinuxStandalone target not found
Native extension for WindowsStandalone target not found
Refreshing native plugins compatible for Editor in 0.53 ms, found 1 plugins.
Preloading 0 native plugins for Editor in 0.00 ms.
Mono: successfully reloaded assembly
- Completed reload, in  1.636 seconds
Platform modules already initialized, skipping
Refreshing native plugins compatible for Editor in 0.55 ms, found 1 plugins.
Preloading 0 native plugins for Editor in 0.00 ms.
Unloading 2161 Unused Serialized files (Serialized files now loaded: 0)
System memory in use before: 101.4 MB.
System memory in use after: 101.6 MB.

Unloading 14 unused Assets to reduce memory usage. Loaded Objects now: 2868.
Total: 4.982574 ms (FindLiveObjects: 0.482532 ms CreateObjectMapping: 0.193516 ms MarkObjects: 4.280732 ms  DeleteObjects: 0.024298 ms)

========================================================================
Received Prepare
Registering precompiled user dll's ...
Registered in 0.006051 seconds.
Begin MonoManager ReloadAssembly
Native extension for LinuxStandalone target not found
Native extension for WindowsStandalone target not found
Refreshing native plugins compatible for Editor in 1.16 ms, found 1 plugins.
Preloading 0 native plugins for Editor in 0.00 ms.
Mono: successfully reloaded assembly
- Completed reload, in  2.572 seconds
Platform modules already initialized, skipping
Refreshing native plugins compatible for Editor in 0.87 ms, found 1 plugins.
Preloading 0 native plugins for Editor in 0.00 ms.
Unloading 2161 Unused Serialized files (Serialized files now loaded: 0)
System memory in use before: 101.4 MB.
System memory in use after: 101.7 MB.

Unloading 14 unused Assets to reduce memory usage. Loaded Objects now: 2873.
Total: 7.759430 ms (FindLiveObjects: 0.420022 ms CreateObjectMapping: 0.311559 ms MarkObjects: 6.958440 ms  DeleteObjects: 0.066388 ms)

========================================================================
Received Prepare
Registering precompiled user dll's ...
Registered in 0.002998 seconds.
Begin MonoManager ReloadAssembly
Native extension for LinuxStandalone target not found
Native extension for WindowsStandalone target not found
Refreshing native plugins compatible for Editor in 0.54 ms, found 1 plugins.
Preloading 0 native plugins for Editor in 0.00 ms.
Mono: successfully reloaded assembly
- Completed reload, in  1.737 seconds
Platform modules already initialized, skipping
Refreshing native plugins compatible for Editor in 0.55 ms, found 1 plugins.
Preloading 0 native plugins for Editor in 0.00 ms.
Unloading 2161 Unused Serialized files (Serialized files now loaded: 0)
System memory in use before: 101.4 MB.
System memory in use after: 101.7 MB.

Unloading 14 unused Assets to reduce memory usage. Loaded Objects now: 2878.
Total: 5.285796 ms (FindLiveObjects: 0.403349 ms CreateObjectMapping: 0.207152 ms MarkObjects: 4.648822 ms  DeleteObjects: 0.024879 ms)

========================================================================
Received Prepare
Registering precompiled user dll's ...
Registered in 0.005363 seconds.
Begin MonoManager ReloadAssembly
Native extension for LinuxStandalone target not found
Native extension for WindowsStandalone target not found
Refreshing native plugins compatible for Editor in 0.80 ms, found 1 plugins.
Preloading 0 native plugins for Editor in 0.00 ms.
Mono: successfully reloaded assembly
- Completed reload, in  2.568 seconds
Platform modules already initialized, skipping
Refreshing native plugins compatible for Editor in 0.84 ms, found 1 plugins.
Preloading 0 native plugins for Editor in 0.00 ms.
Unloading 2161 Unused Serialized files (Serialized files now loaded: 0)
System memory in use before: 101.4 MB.
System memory in use after: 101.7 MB.

Unloading 14 unused Assets to reduce memory usage. Loaded Objects now: 2883.
Total: 9.408863 ms (FindLiveObjects: 0.879185 ms CreateObjectMapping: 0.595113 ms MarkObjects: 7.893921 ms  DeleteObjects: 0.037000 ms)

AssetImportWorkerClient::OnTransportError - code=2 error=End of file
